  makfn.cpp
C:\Users\Momo\Desktop\makfnUWU_1\mak\Fn\win_utils.h(200,24): warning C4244: "Argument": Konvertierung von "double" in "float", möglicher Datenverlust
C:\Users\Momo\Desktop\makfnUWU_1\mak\Fn\win_utils.h(198,49): warning C4100: "z1": Unreferenzierter formaler Parameter
C:\Users\Momo\Desktop\makfnUWU_1\mak\Fn\win_utils.h(231,32): warning C4244: "Argument": Konvertierung von "double" in "float", möglicher Datenverlust
C:\Users\Momo\Desktop\makfnUWU_1\mak\Fn\win_utils.h(231,53): warning C4244: "Argument": Konvertierung von "double" in "float", möglicher Datenverlust
C:\Users\Momo\Desktop\makfnUWU_1\mak\Fn\win_utils.h(231,74): warning C4244: "Argument": Konvertierung von "double" in "float", möglicher Datenverlust
C:\Users\Momo\Desktop\makfnUWU_1\mak\Fn\win_utils.h(271,22): warning C4244: "=": Konvertierung von "double" in "float", möglicher Datenverlust
C:\Users\Momo\Desktop\makfnUWU_1\mak\Fn\win_utils.h(272,22): warning C4244: "=": Konvertierung von "double" in "float", möglicher Datenverlust
C:\Users\Momo\Desktop\makfnUWU_1\mak\Fn\win_utils.h(273,22): warning C4244: "=": Konvertierung von "double" in "float", möglicher Datenverlust
C:\Users\Momo\Desktop\makfnUWU_1\mak\Fn\win_utils.h(275,12): warning C4244: "Initialisierung": Konvertierung von "double" in "float", möglicher Datenverlust
C:\Users\Momo\Desktop\makfnUWU_1\mak\Fn\win_utils.h(276,12): warning C4244: "Initialisierung": Konvertierung von "double" in "float", möglicher Datenverlust
C:\Users\Momo\Desktop\makfnUWU_1\mak\Fn\win_utils.h(277,12): warning C4244: "Initialisierung": Konvertierung von "double" in "float", möglicher Datenverlust
C:\Users\Momo\Desktop\makfnUWU_1\mak\Fn\win_utils.h(279,13): warning C4244: "Initialisierung": Konvertierung von "double" in "float", möglicher Datenverlust
C:\Users\Momo\Desktop\makfnUWU_1\mak\Fn\win_utils.h(280,13): warning C4244: "Initialisierung": Konvertierung von "double" in "float", möglicher Datenverlust
C:\Users\Momo\Desktop\makfnUWU_1\mak\Fn\win_utils.h(281,13): warning C4244: "Initialisierung": Konvertierung von "double" in "float", möglicher Datenverlust
C:\Users\Momo\Desktop\makfnUWU_1\mak\Fn\win_utils.h(282,32): warning C4244: "=": Konvertierung von "double" in "float", möglicher Datenverlust
C:\Users\Momo\Desktop\makfnUWU_1\mak\Fn\win_utils.h(283,32): warning C4244: "=": Konvertierung von "double" in "float", möglicher Datenverlust
C:\Users\Momo\Desktop\makfnUWU_1\mak\Fn\win_utils.h(284,32): warning C4244: "=": Konvertierung von "double" in "float", möglicher Datenverlust
C:\Users\Momo\Desktop\makfnUWU_1\mak\Fn\win_utils.h(286,13): warning C4244: "Initialisierung": Konvertierung von "double" in "float", möglicher Datenverlust
C:\Users\Momo\Desktop\makfnUWU_1\mak\Fn\win_utils.h(287,13): warning C4244: "Initialisierung": Konvertierung von "double" in "float", möglicher Datenverlust
C:\Users\Momo\Desktop\makfnUWU_1\mak\Fn\win_utils.h(288,23): warning C4244: "=": Konvertierung von "double" in "float", möglicher Datenverlust
C:\Users\Momo\Desktop\makfnUWU_1\mak\Fn\win_utils.h(289,23): warning C4244: "=": Konvertierung von "double" in "float", möglicher Datenverlust
C:\Users\Momo\Desktop\makfnUWU_1\mak\Fn\win_utils.h(291,13): warning C4244: "Initialisierung": Konvertierung von "double" in "float", möglicher Datenverlust
C:\Users\Momo\Desktop\makfnUWU_1\mak\Fn\win_utils.h(292,13): warning C4244: "Initialisierung": Konvertierung von "double" in "float", möglicher Datenverlust
C:\Users\Momo\Desktop\makfnUWU_1\mak\Fn\win_utils.h(293,23): warning C4244: "=": Konvertierung von "double" in "float", möglicher Datenverlust
C:\Users\Momo\Desktop\makfnUWU_1\mak\Fn\win_utils.h(294,23): warning C4244: "=": Konvertierung von "double" in "float", möglicher Datenverlust
C:\Users\Momo\Desktop\makfnUWU_1\mak\Fn\win_utils.h(296,13): warning C4244: "Initialisierung": Konvertierung von "double" in "float", möglicher Datenverlust
C:\Users\Momo\Desktop\makfnUWU_1\mak\Fn\win_utils.h(297,13): warning C4244: "Initialisierung": Konvertierung von "double" in "float", möglicher Datenverlust
C:\Users\Momo\Desktop\makfnUWU_1\mak\Fn\win_utils.h(298,23): warning C4244: "=": Konvertierung von "double" in "float", möglicher Datenverlust
C:\Users\Momo\Desktop\makfnUWU_1\mak\Fn\win_utils.h(299,23): warning C4244: "=": Konvertierung von "double" in "float", möglicher Datenverlust
C:\Users\Momo\Desktop\makfnUWU_1\mak\Fn\win_utils.h(340,74): warning C4267: "Argument": Konvertierung von "size_t" nach "int", Datenverlust möglich
C:\Users\Momo\Desktop\makfnUWU_1\mak\Fn\xor.hpp(211,22): warning C4244: "return": Konvertierung von "int" in "char", möglicher Datenverlust
C:\Program Files (x86)\Windows Kits\10\Include\10.0.22000.0\um\uxtheme.h(1600,57): warning C4459: Deklaration von "hwnd" blendet globale Deklaration aus
C:\Users\Momo\Desktop\makfnUWU_1\mak\Fn\win_utils.h(27,6): message : Siehe Deklaration von "hwnd"
C:\Program Files (x86)\Windows Kits\10\Include\10.0.22000.0\shared\ntstatus.h(66,1): warning C4005: "STATUS_WAIT_0": Makro-Neudefinition
C:\Program Files (x86)\Windows Kits\10\Include\10.0.22000.0\um\winnt.h(2549): message : Siehe vorherige Definition von "STATUS_WAIT_0"
C:\Program Files (x86)\Windows Kits\10\Include\10.0.22000.0\shared\ntstatus.h(223,1): warning C4005: "STATUS_ABANDONED_WAIT_0": Makro-Neudefinition
C:\Program Files (x86)\Windows Kits\10\Include\10.0.22000.0\um\winnt.h(2550): message : Siehe vorherige Definition von "STATUS_ABANDONED_WAIT_0"
C:\Program Files (x86)\Windows Kits\10\Include\10.0.22000.0\shared\ntstatus.h(246,1): warning C4005: "STATUS_USER_APC": Makro-Neudefinition
C:\Program Files (x86)\Windows Kits\10\Include\10.0.22000.0\um\winnt.h(2551): message : Siehe vorherige Definition von "STATUS_USER_APC"
C:\Program Files (x86)\Windows Kits\10\Include\10.0.22000.0\shared\ntstatus.h(282,1): warning C4005: "STATUS_TIMEOUT": Makro-Neudefinition
C:\Program Files (x86)\Windows Kits\10\Include\10.0.22000.0\um\winnt.h(2552): message : Siehe vorherige Definition von "STATUS_TIMEOUT"
C:\Program Files (x86)\Windows Kits\10\Include\10.0.22000.0\shared\ntstatus.h(291,1): warning C4005: "STATUS_PENDING": Makro-Neudefinition
C:\Program Files (x86)\Windows Kits\10\Include\10.0.22000.0\um\winnt.h(2553): message : Siehe vorherige Definition von "STATUS_PENDING"
C:\Program Files (x86)\Windows Kits\10\Include\10.0.22000.0\shared\ntstatus.h(738,1): warning C4005: "DBG_EXCEPTION_HANDLED": Makro-Neudefinition
C:\Program Files (x86)\Windows Kits\10\Include\10.0.22000.0\um\winnt.h(2554): message : Siehe vorherige Definition von "DBG_EXCEPTION_HANDLED"
C:\Program Files (x86)\Windows Kits\10\Include\10.0.22000.0\shared\ntstatus.h(747,1): warning C4005: "DBG_CONTINUE": Makro-Neudefinition
C:\Program Files (x86)\Windows Kits\10\Include\10.0.22000.0\um\winnt.h(2555): message : Siehe vorherige Definition von "DBG_CONTINUE"
C:\Program Files (x86)\Windows Kits\10\Include\10.0.22000.0\shared\ntstatus.h(822,1): warning C4005: "STATUS_SEGMENT_NOTIFICATION": Makro-Neudefinition
C:\Program Files (x86)\Windows Kits\10\Include\10.0.22000.0\um\winnt.h(2556): message : Siehe vorherige Definition von "STATUS_SEGMENT_NOTIFICATION"
C:\Program Files (x86)\Windows Kits\10\Include\10.0.22000.0\shared\ntstatus.h(985,1): warning C4005: "STATUS_FATAL_APP_EXIT": Makro-Neudefinition
C:\Program Files (x86)\Windows Kits\10\Include\10.0.22000.0\um\winnt.h(2557): message : Siehe vorherige Definition von "STATUS_FATAL_APP_EXIT"
C:\Program Files (x86)\Windows Kits\10\Include\10.0.22000.0\shared\ntstatus.h(1323,1): warning C4005: "DBG_REPLY_LATER": Makro-Neudefinition
C:\Program Files (x86)\Windows Kits\10\Include\10.0.22000.0\um\winnt.h(2558): message : Siehe vorherige Definition von "DBG_REPLY_LATER"
C:\Program Files (x86)\Windows Kits\10\Include\10.0.22000.0\shared\ntstatus.h(1341,1): warning C4005: "DBG_TERMINATE_THREAD": Makro-Neudefinition
C:\Program Files (x86)\Windows Kits\10\Include\10.0.22000.0\um\winnt.h(2559): message : Siehe vorherige Definition von "DBG_TERMINATE_THREAD"
C:\Program Files (x86)\Windows Kits\10\Include\10.0.22000.0\shared\ntstatus.h(1350,1): warning C4005: "DBG_TERMINATE_PROCESS": Makro-Neudefinition
C:\Program Files (x86)\Windows Kits\10\Include\10.0.22000.0\um\winnt.h(2560): message : Siehe vorherige Definition von "DBG_TERMINATE_PROCESS"
C:\Program Files (x86)\Windows Kits\10\Include\10.0.22000.0\shared\ntstatus.h(1359,1): warning C4005: "DBG_CONTROL_C": Makro-Neudefinition
C:\Program Files (x86)\Windows Kits\10\Include\10.0.22000.0\um\winnt.h(2561): message : Siehe vorherige Definition von "DBG_CONTROL_C"
C:\Program Files (x86)\Windows Kits\10\Include\10.0.22000.0\shared\ntstatus.h(1368,1): warning C4005: "DBG_PRINTEXCEPTION_C": Makro-Neudefinition
C:\Program Files (x86)\Windows Kits\10\Include\10.0.22000.0\um\winnt.h(2562): message : Siehe vorherige Definition von "DBG_PRINTEXCEPTION_C"
C:\Program Files (x86)\Windows Kits\10\Include\10.0.22000.0\shared\ntstatus.h(1377,1): warning C4005: "DBG_RIPEXCEPTION": Makro-Neudefinition
C:\Program Files (x86)\Windows Kits\10\Include\10.0.22000.0\um\winnt.h(2563): message : Siehe vorherige Definition von "DBG_RIPEXCEPTION"
C:\Program Files (x86)\Windows Kits\10\Include\10.0.22000.0\shared\ntstatus.h(1386,1): warning C4005: "DBG_CONTROL_BREAK": Makro-Neudefinition
C:\Program Files (x86)\Windows Kits\10\Include\10.0.22000.0\um\winnt.h(2564): message : Siehe vorherige Definition von "DBG_CONTROL_BREAK"
C:\Program Files (x86)\Windows Kits\10\Include\10.0.22000.0\shared\ntstatus.h(1395,1): warning C4005: "DBG_COMMAND_EXCEPTION": Makro-Neudefinition
C:\Program Files (x86)\Windows Kits\10\Include\10.0.22000.0\um\winnt.h(2565): message : Siehe vorherige Definition von "DBG_COMMAND_EXCEPTION"
C:\Program Files (x86)\Windows Kits\10\Include\10.0.22000.0\shared\ntstatus.h(1404,1): warning C4005: "DBG_PRINTEXCEPTION_WIDE_C": Makro-Neudefinition
C:\Program Files (x86)\Windows Kits\10\Include\10.0.22000.0\um\winnt.h(2566): message : Siehe vorherige Definition von "DBG_PRINTEXCEPTION_WIDE_C"
C:\Program Files (x86)\Windows Kits\10\Include\10.0.22000.0\shared\ntstatus.h(1436,1): warning C4005: "STATUS_GUARD_PAGE_VIOLATION": Makro-Neudefinition
C:\Program Files (x86)\Windows Kits\10\Include\10.0.22000.0\um\winnt.h(2567): message : Siehe vorherige Definition von "STATUS_GUARD_PAGE_VIOLATION"
C:\Program Files (x86)\Windows Kits\10\Include\10.0.22000.0\shared\ntstatus.h(1447,1): warning C4005: "STATUS_DATATYPE_MISALIGNMENT": Makro-Neudefinition
C:\Program Files (x86)\Windows Kits\10\Include\10.0.22000.0\um\winnt.h(2568): message : Siehe vorherige Definition von "STATUS_DATATYPE_MISALIGNMENT"
C:\Program Files (x86)\Windows Kits\10\Include\10.0.22000.0\shared\ntstatus.h(1458,1): warning C4005: "STATUS_BREAKPOINT": Makro-Neudefinition
C:\Program Files (x86)\Windows Kits\10\Include\10.0.22000.0\um\winnt.h(2569): message : Siehe vorherige Definition von "STATUS_BREAKPOINT"
C:\Program Files (x86)\Windows Kits\10\Include\10.0.22000.0\shared\ntstatus.h(1469,1): warning C4005: "STATUS_SINGLE_STEP": Makro-Neudefinition
C:\Program Files (x86)\Windows Kits\10\Include\10.0.22000.0\um\winnt.h(2570): message : Siehe vorherige Definition von "STATUS_SINGLE_STEP"
C:\Program Files (x86)\Windows Kits\10\Include\10.0.22000.0\shared\ntstatus.h(1772,1): warning C4005: "STATUS_LONGJUMP": Makro-Neudefinition
C:\Program Files (x86)\Windows Kits\10\Include\10.0.22000.0\um\winnt.h(2571): message : Siehe vorherige Definition von "STATUS_LONGJUMP"
C:\Program Files (x86)\Windows Kits\10\Include\10.0.22000.0\shared\ntstatus.h(1799,1): warning C4005: "STATUS_UNWIND_CONSOLIDATE": Makro-Neudefinition
C:\Program Files (x86)\Windows Kits\10\Include\10.0.22000.0\um\winnt.h(2572): message : Siehe vorherige Definition von "STATUS_UNWIND_CONSOLIDATE"
C:\Program Files (x86)\Windows Kits\10\Include\10.0.22000.0\shared\ntstatus.h(1914,1): warning C4005: "DBG_EXCEPTION_NOT_HANDLED": Makro-Neudefinition
C:\Program Files (x86)\Windows Kits\10\Include\10.0.22000.0\um\winnt.h(2573): message : Siehe vorherige Definition von "DBG_EXCEPTION_NOT_HANDLED"
C:\Program Files (x86)\Windows Kits\10\Include\10.0.22000.0\shared\ntstatus.h(2060,1): warning C4005: "STATUS_ACCESS_VIOLATION": Makro-Neudefinition
C:\Program Files (x86)\Windows Kits\10\Include\10.0.22000.0\um\winnt.h(2574): message : Siehe vorherige Definition von "STATUS_ACCESS_VIOLATION"
C:\Program Files (x86)\Windows Kits\10\Include\10.0.22000.0\shared\ntstatus.h(2069,1): warning C4005: "STATUS_IN_PAGE_ERROR": Makro-Neudefinition
C:\Program Files (x86)\Windows Kits\10\Include\10.0.22000.0\um\winnt.h(2575): message : Siehe vorherige Definition von "STATUS_IN_PAGE_ERROR"
C:\Program Files (x86)\Windows Kits\10\Include\10.0.22000.0\shared\ntstatus.h(2087,1): warning C4005: "STATUS_INVALID_HANDLE": Makro-Neudefinition
C:\Program Files (x86)\Windows Kits\10\Include\10.0.22000.0\um\winnt.h(2576): message : Siehe vorherige Definition von "STATUS_INVALID_HANDLE"
C:\Program Files (x86)\Windows Kits\10\Include\10.0.22000.0\shared\ntstatus.h(2132,1): warning C4005: "STATUS_INVALID_PARAMETER": Makro-Neudefinition
C:\Program Files (x86)\Windows Kits\10\Include\10.0.22000.0\um\winnt.h(2577): message : Siehe vorherige Definition von "STATUS_INVALID_PARAMETER"
C:\Program Files (x86)\Windows Kits\10\Include\10.0.22000.0\shared\ntstatus.h(2232,1): warning C4005: "STATUS_NO_MEMORY": Makro-Neudefinition
C:\Program Files (x86)\Windows Kits\10\Include\10.0.22000.0\um\winnt.h(2578): message : Siehe vorherige Definition von "STATUS_NO_MEMORY"
C:\Program Files (x86)\Windows Kits\10\Include\10.0.22000.0\shared\ntstatus.h(2289,1): warning C4005: "STATUS_ILLEGAL_INSTRUCTION": Makro-Neudefinition
C:\Program Files (x86)\Windows Kits\10\Include\10.0.22000.0\um\winnt.h(2579): message : Siehe vorherige Definition von "STATUS_ILLEGAL_INSTRUCTION"
C:\Program Files (x86)\Windows Kits\10\Include\10.0.22000.0\shared\ntstatus.h(2370,1): warning C4005: "STATUS_NONCONTINUABLE_EXCEPTION": Makro-Neudefinition
C:\Program Files (x86)\Windows Kits\10\Include\10.0.22000.0\um\winnt.h(2580): message : Siehe vorherige Definition von "STATUS_NONCONTINUABLE_EXCEPTION"
C:\Program Files (x86)\Windows Kits\10\Include\10.0.22000.0\shared\ntstatus.h(2379,1): warning C4005: "STATUS_INVALID_DISPOSITION": Makro-Neudefinition
C:\Program Files (x86)\Windows Kits\10\Include\10.0.22000.0\um\winnt.h(2581): message : Siehe vorherige Definition von "STATUS_INVALID_DISPOSITION"
C:\Program Files (x86)\Windows Kits\10\Include\10.0.22000.0\shared\ntstatus.h(3312,1): warning C4005: "STATUS_ARRAY_BOUNDS_EXCEEDED": Makro-Neudefinition
C:\Program Files (x86)\Windows Kits\10\Include\10.0.22000.0\um\winnt.h(2582): message : Siehe vorherige Definition von "STATUS_ARRAY_BOUNDS_EXCEEDED"
C:\Program Files (x86)\Windows Kits\10\Include\10.0.22000.0\shared\ntstatus.h(3322,1): warning C4005: "STATUS_FLOAT_DENORMAL_OPERAND": Makro-Neudefinition
C:\Program Files (x86)\Windows Kits\10\Include\10.0.22000.0\um\winnt.h(2583): message : Siehe vorherige Definition von "STATUS_FLOAT_DENORMAL_OPERAND"
C:\Program Files (x86)\Windows Kits\10\Include\10.0.22000.0\shared\ntstatus.h(3332,1): warning C4005: "STATUS_FLOAT_DIVIDE_BY_ZERO": Makro-Neudefinition
C:\Program Files (x86)\Windows Kits\10\Include\10.0.22000.0\um\winnt.h(2584): message : Siehe vorherige Definition von "STATUS_FLOAT_DIVIDE_BY_ZERO"
C:\Program Files (x86)\Windows Kits\10\Include\10.0.22000.0\shared\ntstatus.h(3342,1): warning C4005: "STATUS_FLOAT_INEXACT_RESULT": Makro-Neudefinition
C:\Program Files (x86)\Windows Kits\10\Include\10.0.22000.0\um\winnt.h(2585): message : Siehe vorherige Definition von "STATUS_FLOAT_INEXACT_RESULT"
C:\Program Files (x86)\Windows Kits\10\Include\10.0.22000.0\shared\ntstatus.h(3352,1): warning C4005: "STATUS_FLOAT_INVALID_OPERATION": Makro-Neudefinition
C:\Program Files (x86)\Windows Kits\10\Include\10.0.22000.0\um\winnt.h(2586): message : Siehe vorherige Definition von "STATUS_FLOAT_INVALID_OPERATION"
C:\Program Files (x86)\Windows Kits\10\Include\10.0.22000.0\shared\ntstatus.h(3362,1): warning C4005: "STATUS_FLOAT_OVERFLOW": Makro-Neudefinition
C:\Program Files (x86)\Windows Kits\10\Include\10.0.22000.0\um\winnt.h(2587): message : Siehe vorherige Definition von "STATUS_FLOAT_OVERFLOW"
C:\Program Files (x86)\Windows Kits\10\Include\10.0.22000.0\shared\ntstatus.h(3372,1): warning C4005: "STATUS_FLOAT_STACK_CHECK": Makro-Neudefinition
C:\Program Files (x86)\Windows Kits\10\Include\10.0.22000.0\um\winnt.h(2588): message : Siehe vorherige Definition von "STATUS_FLOAT_STACK_CHECK"
C:\Program Files (x86)\Windows Kits\10\Include\10.0.22000.0\shared\ntstatus.h(3382,1): warning C4005: "STATUS_FLOAT_UNDERFLOW": Makro-Neudefinition
C:\Program Files (x86)\Windows Kits\10\Include\10.0.22000.0\um\winnt.h(2589): message : Siehe vorherige Definition von "STATUS_FLOAT_UNDERFLOW"
C:\Program Files (x86)\Windows Kits\10\Include\10.0.22000.0\shared\ntstatus.h(3392,1): warning C4005: "STATUS_INTEGER_DIVIDE_BY_ZERO": Makro-Neudefinition
C:\Program Files (x86)\Windows Kits\10\Include\10.0.22000.0\um\winnt.h(2590): message : Siehe vorherige Definition von "STATUS_INTEGER_DIVIDE_BY_ZERO"
C:\Program Files (x86)\Windows Kits\10\Include\10.0.22000.0\shared\ntstatus.h(3402,1): warning C4005: "STATUS_INTEGER_OVERFLOW": Makro-Neudefinition
C:\Program Files (x86)\Windows Kits\10\Include\10.0.22000.0\um\winnt.h(2591): message : Siehe vorherige Definition von "STATUS_INTEGER_OVERFLOW"
C:\Program Files (x86)\Windows Kits\10\Include\10.0.22000.0\shared\ntstatus.h(3412,1): warning C4005: "STATUS_PRIVILEGED_INSTRUCTION": Makro-Neudefinition
C:\Program Files (x86)\Windows Kits\10\Include\10.0.22000.0\um\winnt.h(2592): message : Siehe vorherige Definition von "STATUS_PRIVILEGED_INSTRUCTION"
C:\Program Files (x86)\Windows Kits\10\Include\10.0.22000.0\shared\ntstatus.h(4358,1): warning C4005: "STATUS_STACK_OVERFLOW": Makro-Neudefinition
C:\Program Files (x86)\Windows Kits\10\Include\10.0.22000.0\um\winnt.h(2593): message : Siehe vorherige Definition von "STATUS_STACK_OVERFLOW"
C:\Program Files (x86)\Windows Kits\10\Include\10.0.22000.0\shared\ntstatus.h(4875,1): warning C4005: "STATUS_DLL_NOT_FOUND": Makro-Neudefinition
C:\Program Files (x86)\Windows Kits\10\Include\10.0.22000.0\um\winnt.h(2594): message : Siehe vorherige Definition von "STATUS_DLL_NOT_FOUND"
C:\Program Files (x86)\Windows Kits\10\Include\10.0.22000.0\shared\ntstatus.h(4904,1): warning C4005: "STATUS_ORDINAL_NOT_FOUND": Makro-Neudefinition
C:\Program Files (x86)\Windows Kits\10\Include\10.0.22000.0\um\winnt.h(2595): message : Siehe vorherige Definition von "STATUS_ORDINAL_NOT_FOUND"
C:\Program Files (x86)\Windows Kits\10\Include\10.0.22000.0\shared\ntstatus.h(4914,1): warning C4005: "STATUS_ENTRYPOINT_NOT_FOUND": Makro-Neudefinition
C:\Program Files (x86)\Windows Kits\10\Include\10.0.22000.0\um\winnt.h(2596): message : Siehe vorherige Definition von "STATUS_ENTRYPOINT_NOT_FOUND"
C:\Program Files (x86)\Windows Kits\10\Include\10.0.22000.0\shared\ntstatus.h(4924,1): warning C4005: "STATUS_CONTROL_C_EXIT": Makro-Neudefinition
C:\Program Files (x86)\Windows Kits\10\Include\10.0.22000.0\um\winnt.h(2597): message : Siehe vorherige Definition von "STATUS_CONTROL_C_EXIT"
C:\Program Files (x86)\Windows Kits\10\Include\10.0.22000.0\shared\ntstatus.h(5002,1): warning C4005: "STATUS_DLL_INIT_FAILED": Makro-Neudefinition
C:\Program Files (x86)\Windows Kits\10\Include\10.0.22000.0\um\winnt.h(2598): message : Siehe vorherige Definition von "STATUS_DLL_INIT_FAILED"
C:\Program Files (x86)\Windows Kits\10\Include\10.0.22000.0\shared\ntstatus.h(5999,1): warning C4005: "STATUS_CONTROL_STACK_VIOLATION": Makro-Neudefinition
C:\Program Files (x86)\Windows Kits\10\Include\10.0.22000.0\um\winnt.h(2599): message : Siehe vorherige Definition von "STATUS_CONTROL_STACK_VIOLATION"
C:\Program Files (x86)\Windows Kits\10\Include\10.0.22000.0\shared\ntstatus.h(7593,1): warning C4005: "STATUS_FLOAT_MULTIPLE_FAULTS": Makro-Neudefinition
C:\Program Files (x86)\Windows Kits\10\Include\10.0.22000.0\um\winnt.h(2600): message : Siehe vorherige Definition von "STATUS_FLOAT_MULTIPLE_FAULTS"
C:\Program Files (x86)\Windows Kits\10\Include\10.0.22000.0\shared\ntstatus.h(7603,1): warning C4005: "STATUS_FLOAT_MULTIPLE_TRAPS": Makro-Neudefinition
C:\Program Files (x86)\Windows Kits\10\Include\10.0.22000.0\um\winnt.h(2601): message : Siehe vorherige Definition von "STATUS_FLOAT_MULTIPLE_TRAPS"
C:\Program Files (x86)\Windows Kits\10\Include\10.0.22000.0\shared\ntstatus.h(7735,1): warning C4005: "STATUS_REG_NAT_CONSUMPTION": Makro-Neudefinition
C:\Program Files (x86)\Windows Kits\10\Include\10.0.22000.0\um\winnt.h(2602): message : Siehe vorherige Definition von "STATUS_REG_NAT_CONSUMPTION"
C:\Program Files (x86)\Windows Kits\10\Include\10.0.22000.0\shared\ntstatus.h(8718,1): warning C4005: "STATUS_HEAP_CORRUPTION": Makro-Neudefinition
C:\Program Files (x86)\Windows Kits\10\Include\10.0.22000.0\um\winnt.h(2603): message : Siehe vorherige Definition von "STATUS_HEAP_CORRUPTION"
C:\Program Files (x86)\Windows Kits\10\Include\10.0.22000.0\shared\ntstatus.h(8946,1): warning C4005: "STATUS_STACK_BUFFER_OVERRUN": Makro-Neudefinition
C:\Program Files (x86)\Windows Kits\10\Include\10.0.22000.0\um\winnt.h(2604): message : Siehe vorherige Definition von "STATUS_STACK_BUFFER_OVERRUN"
C:\Program Files (x86)\Windows Kits\10\Include\10.0.22000.0\shared\ntstatus.h(9073,1): warning C4005: "STATUS_INVALID_CRUNTIME_PARAMETER": Makro-Neudefinition
C:\Program Files (x86)\Windows Kits\10\Include\10.0.22000.0\um\winnt.h(2605): message : Siehe vorherige Definition von "STATUS_INVALID_CRUNTIME_PARAMETER"
C:\Program Files (x86)\Windows Kits\10\Include\10.0.22000.0\shared\ntstatus.h(9136,1): warning C4005: "STATUS_ASSERTION_FAILURE": Makro-Neudefinition
C:\Program Files (x86)\Windows Kits\10\Include\10.0.22000.0\um\winnt.h(2606): message : Siehe vorherige Definition von "STATUS_ASSERTION_FAILURE"
C:\Program Files (x86)\Windows Kits\10\Include\10.0.22000.0\shared\ntstatus.h(10045,1): warning C4005: "STATUS_ENCLAVE_VIOLATION": Makro-Neudefinition
C:\Program Files (x86)\Windows Kits\10\Include\10.0.22000.0\um\winnt.h(2607): message : Siehe vorherige Definition von "STATUS_ENCLAVE_VIOLATION"
C:\Program Files (x86)\Windows Kits\10\Include\10.0.22000.0\shared\ntstatus.h(10697,1): warning C4005: "STATUS_INTERRUPTED": Makro-Neudefinition
C:\Program Files (x86)\Windows Kits\10\Include\10.0.22000.0\um\winnt.h(2608): message : Siehe vorherige Definition von "STATUS_INTERRUPTED"
C:\Program Files (x86)\Windows Kits\10\Include\10.0.22000.0\shared\ntstatus.h(10706,1): warning C4005: "STATUS_THREAD_NOT_RUNNING": Makro-Neudefinition
C:\Program Files (x86)\Windows Kits\10\Include\10.0.22000.0\um\winnt.h(2609): message : Siehe vorherige Definition von "STATUS_THREAD_NOT_RUNNING"
C:\Program Files (x86)\Windows Kits\10\Include\10.0.22000.0\shared\ntstatus.h(11018,1): warning C4005: "STATUS_ALREADY_REGISTERED": Makro-Neudefinition
C:\Program Files (x86)\Windows Kits\10\Include\10.0.22000.0\um\winnt.h(2610): message : Siehe vorherige Definition von "STATUS_ALREADY_REGISTERED"
C:\Program Files (x86)\Windows Kits\10\Include\10.0.22000.0\shared\ntstatus.h(14865,1): warning C4005: "STATUS_SXS_EARLY_DEACTIVATION": Makro-Neudefinition
C:\Program Files (x86)\Windows Kits\10\Include\10.0.22000.0\um\winnt.h(2612): message : Siehe vorherige Definition von "STATUS_SXS_EARLY_DEACTIVATION"
C:\Program Files (x86)\Windows Kits\10\Include\10.0.22000.0\shared\ntstatus.h(14874,1): warning C4005: "STATUS_SXS_INVALID_DEACTIVATION": Makro-Neudefinition
C:\Program Files (x86)\Windows Kits\10\Include\10.0.22000.0\um\winnt.h(2613): message : Siehe vorherige Definition von "STATUS_SXS_INVALID_DEACTIVATION"
C:\Users\Momo\Desktop\makfnUWU_1\mak\Fn\godfather.h(13,33): warning C4129: "P": nicht erkannte Folge von Escapesequenz
C:\Users\Momo\Desktop\makfnUWU_1\mak\Fn\godfather.h(20,1): warning C4312: "Typumwandlung": Konvertierung von "DWORD" in größeren Typ "PVOID"
C:\Users\Momo\Desktop\makfnUWU_1\mak\Fn\godfather.h(207,45): warning C4244: "Argument": Konvertierung von "SIZE_T" in "uint32_t", möglicher Datenverlust
makfn.cpp(185,19): warning C4244: "Initialisierung": Konvertierung von "double" in "int", möglicher Datenverlust
makfn.cpp(186,22): warning C4244: "Initialisierung": Konvertierung von "double" in "int", möglicher Datenverlust
makfn.cpp(192,28): warning C4305: "Initialisierung": Verkürzung von "double" in "float"
makfn.cpp(235,17): warning C4244: "Initialisierung": Konvertierung von "double" in "float", möglicher Datenverlust
makfn.cpp(236,15): warning C4244: "Initialisierung": Konvertierung von "double" in "float", möglicher Datenverlust
makfn.cpp(237,16): warning C4244: "Initialisierung": Konvertierung von "double" in "float", möglicher Datenverlust
makfn.cpp(262,25): warning C4244: "=": Konvertierung von "double" in "float", möglicher Datenverlust
makfn.cpp(263,25): warning C4244: "=": Konvertierung von "double" in "float", möglicher Datenverlust
makfn.cpp(264,25): warning C4244: "=": Konvertierung von "double" in "float", möglicher Datenverlust
makfn.cpp(270,35): warning C4100: "mesh": Unreferenzierter formaler Parameter
makfn.cpp(317,32): warning C4244: "=": Konvertierung von "T" in "float", möglicher Datenverlust
          with
          [
              T=double
          ]
makfn.cpp(311,10): warning C4101: "v7": Unreferenzierte lokale Variable
makfn.cpp(312,10): warning C4101: "v8": Unreferenzierte lokale Variable
makfn.cpp(310,10): warning C4101: "v6": Unreferenzierte lokale Variable
makfn.cpp(355,31): warning C4267: "Initialisierung": Konvertierung von "size_t" nach "int", Datenverlust möglich
makfn.cpp(355,6): warning C4189: "len": Lokale Variable ist initialisiert aber nicht referenziert
makfn.cpp(386,9): warning C4244: "=": Konvertierung von "float" in "int", möglicher Datenverlust
makfn.cpp(387,9): warning C4244: "=": Konvertierung von "float" in "int", möglicher Datenverlust
makfn.cpp(391,84): warning C4244: "Argument": Konvertierung von "int" in "float", möglicher Datenverlust
makfn.cpp(391,77): warning C4244: "Argument": Konvertierung von "int" in "float", möglicher Datenverlust
makfn.cpp(392,84): warning C4244: "Argument": Konvertierung von "int" in "float", möglicher Datenverlust
makfn.cpp(392,77): warning C4244: "Argument": Konvertierung von "int" in "float", möglicher Datenverlust
makfn.cpp(393,84): warning C4244: "Argument": Konvertierung von "int" in "float", möglicher Datenverlust
makfn.cpp(393,77): warning C4244: "Argument": Konvertierung von "int" in "float", möglicher Datenverlust
makfn.cpp(394,84): warning C4244: "Argument": Konvertierung von "int" in "float", möglicher Datenverlust
makfn.cpp(394,77): warning C4244: "Argument": Konvertierung von "int" in "float", möglicher Datenverlust
makfn.cpp(396,181): warning C4244: "Argument": Konvertierung von "double" in "float", möglicher Datenverlust
makfn.cpp(396,164): warning C4244: "Argument": Konvertierung von "double" in "float", möglicher Datenverlust
makfn.cpp(396,146): warning C4244: "Argument": Konvertierung von "double" in "float", möglicher Datenverlust
makfn.cpp(396,128): warning C4244: "Argument": Konvertierung von "double" in "float", möglicher Datenverlust
makfn.cpp(396,77): warning C4244: "Argument": Konvertierung von "int" in "float", möglicher Datenverlust
makfn.cpp(396,74): warning C4244: "Argument": Konvertierung von "int" in "float", möglicher Datenverlust
makfn.cpp(401,19): warning C4244: "Initialisierung": Konvertierung von "const wchar_t" in "char", möglicher Datenverlust
makfn.cpp(406,40): warning C4244: "=": Konvertierung von "const wchar_t" in "char", möglicher Datenverlust
makfn.cpp(415,18): warning C4244: "Initialisierung": Konvertierung von "const wchar_t" in "char", möglicher Datenverlust
makfn.cpp(470,154): warning C4244: "Argument": Konvertierung von "double" in "float", möglicher Datenverlust
makfn.cpp(470,136): warning C4244: "Argument": Konvertierung von "double" in "float", möglicher Datenverlust
makfn.cpp(470,118): warning C4244: "Argument": Konvertierung von "double" in "float", möglicher Datenverlust
makfn.cpp(470,100): warning C4244: "Argument": Konvertierung von "double" in "float", möglicher Datenverlust
makfn.cpp(470,49): warning C4244: "Argument": Konvertierung von "int" in "float", möglicher Datenverlust
makfn.cpp(470,46): warning C4244: "Argument": Konvertierung von "int" in "float", möglicher Datenverlust
makfn.cpp(475,172): warning C4244: "Argument": Konvertierung von "double" in "float", möglicher Datenverlust
makfn.cpp(475,154): warning C4244: "Argument": Konvertierung von "double" in "float", möglicher Datenverlust
makfn.cpp(475,136): warning C4244: "Argument": Konvertierung von "double" in "float", möglicher Datenverlust
makfn.cpp(475,118): warning C4244: "Argument": Konvertierung von "double" in "float", möglicher Datenverlust
makfn.cpp(475,183): warning C4244: "Argument": Konvertierung von "int" in "float", möglicher Datenverlust
makfn.cpp(475,66): warning C4244: "Argument": Konvertierung von "int" in "float", möglicher Datenverlust
makfn.cpp(475,62): warning C4244: "Argument": Konvertierung von "int" in "float", möglicher Datenverlust
makfn.cpp(475,50): warning C4244: "Argument": Konvertierung von "int" in "float", möglicher Datenverlust
makfn.cpp(475,46): warning C4244: "Argument": Konvertierung von "int" in "float", möglicher Datenverlust
makfn.cpp(480,164): warning C4244: "Argument": Konvertierung von "double" in "float", möglicher Datenverlust
makfn.cpp(480,146): warning C4244: "Argument": Konvertierung von "double" in "float", möglicher Datenverlust
makfn.cpp(480,128): warning C4244: "Argument": Konvertierung von "double" in "float", möglicher Datenverlust
makfn.cpp(480,110): warning C4244: "Argument": Konvertierung von "double" in "float", möglicher Datenverlust
makfn.cpp(480,55): warning C4244: "Argument": Konvertierung von "int" in "float", möglicher Datenverlust
makfn.cpp(480,51): warning C4244: "Argument": Konvertierung von "int" in "float", möglicher Datenverlust
makfn.cpp(480,48): warning C4244: "Argument": Konvertierung von "int" in "float", möglicher Datenverlust
makfn.cpp(485,14): warning C4244: "Initialisierung": Konvertierung von "int" in "float", möglicher Datenverlust
makfn.cpp(486,14): warning C4244: "Initialisierung": Konvertierung von "int" in "float", möglicher Datenverlust
makfn.cpp(488,158): warning C4305: "Argument": Verkürzung von "double" in "float"
makfn.cpp(488,60): warning C4244: "Argument": Konvertierung von "int" in "float", möglicher Datenverlust
makfn.cpp(488,49): warning C4244: "Argument": Konvertierung von "int" in "float", möglicher Datenverlust
makfn.cpp(488,46): warning C4244: "Argument": Konvertierung von "int" in "float", möglicher Datenverlust
makfn.cpp(489,158): warning C4305: "Argument": Verkürzung von "double" in "float"
makfn.cpp(489,71): warning C4244: "Argument": Konvertierung von "int" in "float", möglicher Datenverlust
makfn.cpp(489,49): warning C4244: "Argument": Konvertierung von "int" in "float", möglicher Datenverlust
makfn.cpp(489,46): warning C4244: "Argument": Konvertierung von "int" in "float", möglicher Datenverlust
makfn.cpp(490,166): warning C4305: "Argument": Verkürzung von "double" in "float"
makfn.cpp(490,79): warning C4244: "Argument": Konvertierung von "int" in "float", möglicher Datenverlust
makfn.cpp(490,74): warning C4244: "Argument": Konvertierung von "int" in "float", möglicher Datenverlust
makfn.cpp(490,61): warning C4244: "Argument": Konvertierung von "int" in "float", möglicher Datenverlust
makfn.cpp(491,166): warning C4305: "Argument": Verkürzung von "double" in "float"
makfn.cpp(491,66): warning C4244: "Argument": Konvertierung von "int" in "float", möglicher Datenverlust
makfn.cpp(491,53): warning C4244: "Argument": Konvertierung von "int" in "float", möglicher Datenverlust
makfn.cpp(491,48): warning C4244: "Argument": Konvertierung von "int" in "float", möglicher Datenverlust
makfn.cpp(492,166): warning C4305: "Argument": Verkürzung von "double" in "float"
makfn.cpp(492,77): warning C4244: "Argument": Konvertierung von "int" in "float", möglicher Datenverlust
makfn.cpp(492,72): warning C4244: "Argument": Konvertierung von "int" in "float", möglicher Datenverlust
makfn.cpp(492,46): warning C4244: "Argument": Konvertierung von "int" in "float", möglicher Datenverlust
makfn.cpp(493,166): warning C4305: "Argument": Verkürzung von "double" in "float"
makfn.cpp(493,77): warning C4244: "Argument": Konvertierung von "int" in "float", möglicher Datenverlust
makfn.cpp(493,51): warning C4244: "Argument": Konvertierung von "int" in "float", möglicher Datenverlust
makfn.cpp(493,46): warning C4244: "Argument": Konvertierung von "int" in "float", möglicher Datenverlust
makfn.cpp(494,174): warning C4305: "Argument": Verkürzung von "double" in "float"
makfn.cpp(494,85): warning C4244: "Argument": Konvertierung von "int" in "float", möglicher Datenverlust
makfn.cpp(494,78): warning C4244: "Argument": Konvertierung von "int" in "float", möglicher Datenverlust
makfn.cpp(494,63): warning C4244: "Argument": Konvertierung von "int" in "float", möglicher Datenverlust
makfn.cpp(495,174): warning C4305: "Argument": Verkürzung von "double" in "float"
makfn.cpp(495,85): warning C4244: "Argument": Konvertierung von "int" in "float", möglicher Datenverlust
makfn.cpp(495,78): warning C4244: "Argument": Konvertierung von "int" in "float", möglicher Datenverlust
makfn.cpp(495,48): warning C4244: "Argument": Konvertierung von "int" in "float", möglicher Datenverlust
makfn.cpp(498,102): warning C4244: "Argument": Konvertierung von "int" in "float", möglicher Datenverlust
makfn.cpp(498,60): warning C4244: "Argument": Konvertierung von "int" in "float", möglicher Datenverlust
makfn.cpp(498,49): warning C4244: "Argument": Konvertierung von "int" in "float", möglicher Datenverlust
makfn.cpp(498,46): warning C4244: "Argument": Konvertierung von "int" in "float", möglicher Datenverlust
makfn.cpp(499,102): warning C4244: "Argument": Konvertierung von "int" in "float", möglicher Datenverlust
makfn.cpp(499,71): warning C4244: "Argument": Konvertierung von "int" in "float", möglicher Datenverlust
makfn.cpp(499,49): warning C4244: "Argument": Konvertierung von "int" in "float", möglicher Datenverlust
makfn.cpp(499,46): warning C4244: "Argument": Konvertierung von "int" in "float", möglicher Datenverlust
makfn.cpp(500,110): warning C4244: "Argument": Konvertierung von "int" in "float", möglicher Datenverlust
makfn.cpp(500,79): warning C4244: "Argument": Konvertierung von "int" in "float", möglicher Datenverlust
makfn.cpp(500,74): warning C4244: "Argument": Konvertierung von "int" in "float", möglicher Datenverlust
makfn.cpp(500,61): warning C4244: "Argument": Konvertierung von "int" in "float", möglicher Datenverlust
makfn.cpp(501,110): warning C4244: "Argument": Konvertierung von "int" in "float", möglicher Datenverlust
makfn.cpp(501,66): warning C4244: "Argument": Konvertierung von "int" in "float", möglicher Datenverlust
makfn.cpp(501,53): warning C4244: "Argument": Konvertierung von "int" in "float", möglicher Datenverlust
makfn.cpp(501,48): warning C4244: "Argument": Konvertierung von "int" in "float", möglicher Datenverlust
makfn.cpp(502,110): warning C4244: "Argument": Konvertierung von "int" in "float", möglicher Datenverlust
makfn.cpp(502,77): warning C4244: "Argument": Konvertierung von "int" in "float", möglicher Datenverlust
makfn.cpp(502,72): warning C4244: "Argument": Konvertierung von "int" in "float", möglicher Datenverlust
makfn.cpp(502,46): warning C4244: "Argument": Konvertierung von "int" in "float", möglicher Datenverlust
makfn.cpp(503,110): warning C4244: "Argument": Konvertierung von "int" in "float", möglicher Datenverlust
makfn.cpp(503,77): warning C4244: "Argument": Konvertierung von "int" in "float", möglicher Datenverlust
makfn.cpp(503,51): warning C4244: "Argument": Konvertierung von "int" in "float", möglicher Datenverlust
makfn.cpp(503,46): warning C4244: "Argument": Konvertierung von "int" in "float", möglicher Datenverlust
makfn.cpp(504,118): warning C4244: "Argument": Konvertierung von "int" in "float", möglicher Datenverlust
makfn.cpp(504,85): warning C4244: "Argument": Konvertierung von "int" in "float", möglicher Datenverlust
makfn.cpp(504,78): warning C4244: "Argument": Konvertierung von "int" in "float", möglicher Datenverlust
makfn.cpp(504,63): warning C4244: "Argument": Konvertierung von "int" in "float", möglicher Datenverlust
makfn.cpp(505,118): warning C4244: "Argument": Konvertierung von "int" in "float", möglicher Datenverlust
makfn.cpp(505,85): warning C4244: "Argument": Konvertierung von "int" in "float", möglicher Datenverlust
makfn.cpp(505,78): warning C4244: "Argument": Konvertierung von "int" in "float", möglicher Datenverlust
makfn.cpp(505,48): warning C4244: "Argument": Konvertierung von "int" in "float", möglicher Datenverlust
makfn.cpp(510,61): warning C4244: "Argument": Konvertierung von "int" in "float", möglicher Datenverlust
makfn.cpp(510,54): warning C4244: "Argument": Konvertierung von "int" in "float", möglicher Datenverlust
makfn.cpp(515,182): warning C4244: "Argument": Konvertierung von "double" in "float", möglicher Datenverlust
makfn.cpp(515,164): warning C4244: "Argument": Konvertierung von "double" in "float", möglicher Datenverlust
makfn.cpp(515,146): warning C4244: "Argument": Konvertierung von "double" in "float", möglicher Datenverlust
makfn.cpp(515,128): warning C4244: "Argument": Konvertierung von "double" in "float", möglicher Datenverlust
makfn.cpp(515,75): warning C4244: "Argument": Konvertierung von "int" in "float", möglicher Datenverlust
makfn.cpp(515,68): warning C4244: "Argument": Konvertierung von "int" in "float", möglicher Datenverlust
makfn.cpp(515,55): warning C4244: "Argument": Konvertierung von "int" in "float", möglicher Datenverlust
makfn.cpp(515,52): warning C4244: "Argument": Konvertierung von "int" in "float", möglicher Datenverlust
makfn.cpp(548,17): warning C4244: "=": Konvertierung von "__int64" in "unsigned int", möglicher Datenverlust
makfn.cpp(549,20): warning C4244: "=": Konvertierung von "unsigned int" in "char", möglicher Datenverlust
makfn.cpp(582,75): warning C4244: "Argument": Konvertierung von "int" in "float", möglicher Datenverlust
makfn.cpp(582,68): warning C4244: "Argument": Konvertierung von "int" in "float", möglicher Datenverlust
makfn.cpp(582,55): warning C4244: "Argument": Konvertierung von "int" in "float", möglicher Datenverlust
makfn.cpp(582,52): warning C4244: "Argument": Konvertierung von "int" in "float", möglicher Datenverlust
makfn.cpp(598,31): warning C4244: "Argument": Konvertierung von "double" in "int", möglicher Datenverlust
makfn.cpp(605,21): warning C4838: Konvertierung von "int" zu "DWORD" erfordert eine einschränkende Konvertierung
makfn.cpp(605,24): warning C4838: Konvertierung von "int" zu "DWORD" erfordert eine einschränkende Konvertierung
makfn.cpp(613,21): warning C4838: Konvertierung von "int" zu "DWORD" erfordert eine einschränkende Konvertierung
makfn.cpp(613,24): warning C4838: Konvertierung von "int" zu "DWORD" erfordert eine einschränkende Konvertierung
makfn.cpp(661,22): warning C4244: "return": Konvertierung von "double" in "float", möglicher Datenverlust
makfn.cpp(665,22): warning C4244: "return": Konvertierung von "double" in "float", möglicher Datenverlust
makfn.cpp(678,14): warning C4244: "Initialisierung": Konvertierung von "double" in "float", möglicher Datenverlust
makfn.cpp(686,49): warning C4244: "Argument": Konvertierung von "int" in "float", möglicher Datenverlust
makfn.cpp(686,17): warning C4244: "Argument": Konvertierung von "float" in "_Ty", möglicher Datenverlust
          with
          [
              _Ty=int
          ]
makfn.cpp(687,49): warning C4244: "Argument": Konvertierung von "int" in "float", möglicher Datenverlust
makfn.cpp(687,17): warning C4244: "Argument": Konvertierung von "float" in "_Ty", möglicher Datenverlust
          with
          [
              _Ty=int
          ]
makfn.cpp(688,32): warning C4244: "Argument": Konvertierung von "float" in "_Ty", möglicher Datenverlust
          with
          [
              _Ty=int
          ]
makfn.cpp(689,32): warning C4244: "Argument": Konvertierung von "float" in "_Ty", möglicher Datenverlust
          with
          [
              _Ty=int
          ]
makfn.cpp(691,101): warning C4244: "Argument": Konvertierung von "LONG" in "float", möglicher Datenverlust
makfn.cpp(691,84): warning C4244: "Argument": Konvertierung von "LONG" in "float", möglicher Datenverlust
makfn.cpp(691,63): warning C4244: "Argument": Konvertierung von "LONG" in "float", möglicher Datenverlust
makfn.cpp(691,53): warning C4244: "Argument": Konvertierung von "LONG" in "float", möglicher Datenverlust
makfn.cpp(692,115): warning C4244: "Argument": Konvertierung von "LONG" in "float", möglicher Datenverlust
makfn.cpp(692,98): warning C4244: "Argument": Konvertierung von "LONG" in "float", möglicher Datenverlust
makfn.cpp(692,73): warning C4244: "Argument": Konvertierung von "LONG" in "float", möglicher Datenverlust
makfn.cpp(692,56): warning C4244: "Argument": Konvertierung von "LONG" in "float", möglicher Datenverlust
makfn.cpp(670,40): warning C4100: "color": Unreferenzierter formaler Parameter
makfn.cpp(670,24): warning C4100: "buyukluk": Unreferenzierter formaler Parameter
makfn.cpp(672,30): warning C4101: "jbjfdbdsf": Unreferenzierte lokale Variable
makfn.cpp(672,20): warning C4101: "oodofdfo": Unreferenzierte lokale Variable
makfn.cpp(782,24): warning C4459: Deklaration von "ScreenCenterX" blendet globale Deklaration aus
makfn.cpp(216,7): message : Siehe Deklaration von "ScreenCenterX"
makfn.cpp(782,22): warning C4244: "Initialisierung": Konvertierung von "int" in "float", möglicher Datenverlust
makfn.cpp(783,24): warning C4459: Deklaration von "ScreenCenterY" blendet globale Deklaration aus
makfn.cpp(217,7): message : Siehe Deklaration von "ScreenCenterY"
makfn.cpp(783,22): warning C4244: "Initialisierung": Konvertierung von "int" in "float", möglicher Datenverlust
makfn.cpp(823,52): warning C4244: "Argument": Konvertierung von "float" in "DWORD", möglicher Datenverlust
makfn.cpp(823,43): warning C4244: "Argument": Konvertierung von "float" in "DWORD", möglicher Datenverlust
makfn.cpp(887,1): warning C4267: "=": Konvertierung von "size_t" nach "int32_t", Datenverlust möglich
makfn.cpp(1015,73): warning C4244: "Argument": Konvertierung von "int" in "float", möglicher Datenverlust
makfn.cpp(1015,67): warning C4244: "Argument": Konvertierung von "int" in "float", möglicher Datenverlust
makfn.cpp(1015,55): warning C4244: "Argument": Konvertierung von "int" in "float", möglicher Datenverlust
makfn.cpp(1020,144): warning C4244: "Argument": Konvertierung von "DWORD" in "float", möglicher Datenverlust
makfn.cpp(1020,119): warning C4244: "Argument": Konvertierung von "DWORD" in "float", möglicher Datenverlust
makfn.cpp(1020,86): warning C4244: "Argument": Konvertierung von "DWORD" in "float", möglicher Datenverlust
makfn.cpp(1020,61): warning C4244: "Argument": Konvertierung von "DWORD" in "float", möglicher Datenverlust
makfn.cpp(1025,79): warning C4244: "Argument": Konvertierung von "int" in "float", möglicher Datenverlust
makfn.cpp(1025,73): warning C4244: "Argument": Konvertierung von "int" in "float", möglicher Datenverlust
makfn.cpp(1025,61): warning C4244: "Argument": Konvertierung von "int" in "float", möglicher Datenverlust
makfn.cpp(1030,104): warning C4244: "Argument": Konvertierung von "int" in "float", möglicher Datenverlust
makfn.cpp(1030,92): warning C4244: "Argument": Konvertierung von "int" in "float", möglicher Datenverlust
makfn.cpp(1030,69): warning C4244: "Argument": Konvertierung von "int" in "float", möglicher Datenverlust
makfn.cpp(1030,57): warning C4244: "Argument": Konvertierung von "int" in "float", möglicher Datenverlust
makfn.cpp(1031,104): warning C4244: "Argument": Konvertierung von "int" in "float", möglicher Datenverlust
makfn.cpp(1031,92): warning C4244: "Argument": Konvertierung von "int" in "float", möglicher Datenverlust
makfn.cpp(1031,69): warning C4244: "Argument": Konvertierung von "int" in "float", möglicher Datenverlust
makfn.cpp(1031,57): warning C4244: "Argument": Konvertierung von "int" in "float", möglicher Datenverlust
makfn.cpp(1032,100): warning C4244: "Argument": Konvertierung von "int" in "float", möglicher Datenverlust
makfn.cpp(1032,88): warning C4244: "Argument": Konvertierung von "int" in "float", möglicher Datenverlust
makfn.cpp(1032,69): warning C4244: "Argument": Konvertierung von "int" in "float", möglicher Datenverlust
makfn.cpp(1032,53): warning C4244: "Argument": Konvertierung von "int" in "float", möglicher Datenverlust
makfn.cpp(1033,100): warning C4244: "Argument": Konvertierung von "int" in "float", möglicher Datenverlust
makfn.cpp(1033,88): warning C4244: "Argument": Konvertierung von "int" in "float", möglicher Datenverlust
makfn.cpp(1033,69): warning C4244: "Argument": Konvertierung von "int" in "float", möglicher Datenverlust
makfn.cpp(1033,53): warning C4244: "Argument": Konvertierung von "int" in "float", möglicher Datenverlust
makfn.cpp(1088,19): warning C4244: "Initialisierung": Konvertierung von "double" in "float", möglicher Datenverlust
makfn.cpp(1102,28): warning C4456: Deklaration von "ChestPosition" blendet vorherige lokale Deklaration aus
makfn.cpp(1092,12): message : Siehe Deklaration von "ChestPosition"
makfn.cpp(1105,52): warning C4244: "Argument": Konvertierung von "double" in "int", möglicher Datenverlust
makfn.cpp(1105,35): warning C4244: "Argument": Konvertierung von "double" in "int", möglicher Datenverlust
makfn.cpp(1112,27): warning C4456: Deklaration von "ChestPosition" blendet vorherige lokale Deklaration aus
makfn.cpp(1092,12): message : Siehe Deklaration von "ChestPosition"
makfn.cpp(1116,51): warning C4244: "Argument": Konvertierung von "double" in "int", möglicher Datenverlust
makfn.cpp(1116,34): warning C4244: "Argument": Konvertierung von "double" in "int", möglicher Datenverlust
makfn.cpp(1123,27): warning C4456: Deklaration von "ChestPosition" blendet vorherige lokale Deklaration aus
makfn.cpp(1092,12): message : Siehe Deklaration von "ChestPosition"
makfn.cpp(1126,51): warning C4244: "Argument": Konvertierung von "double" in "int", möglicher Datenverlust
makfn.cpp(1126,34): warning C4244: "Argument": Konvertierung von "double" in "int", möglicher Datenverlust
makfn.cpp(1134,55): warning C4244: "Argument": Konvertierung von "double" in "int", möglicher Datenverlust
makfn.cpp(1134,36): warning C4244: "Argument": Konvertierung von "double" in "int", möglicher Datenverlust
makfn.cpp(1140,32): warning C4456: Deklaration von "VehiclePosition" blendet vorherige lokale Deklaration aus
makfn.cpp(1094,12): message : Siehe Deklaration von "VehiclePosition"
makfn.cpp(1142,55): warning C4244: "Argument": Konvertierung von "double" in "int", möglicher Datenverlust
makfn.cpp(1142,36): warning C4244: "Argument": Konvertierung von "double" in "int", möglicher Datenverlust
makfn.cpp(1148,32): warning C4456: Deklaration von "VehiclePosition" blendet vorherige lokale Deklaration aus
makfn.cpp(1094,12): message : Siehe Deklaration von "VehiclePosition"
makfn.cpp(1150,55): warning C4244: "Argument": Konvertierung von "double" in "int", möglicher Datenverlust
makfn.cpp(1150,36): warning C4244: "Argument": Konvertierung von "double" in "int", möglicher Datenverlust
makfn.cpp(1161,30): warning C4456: Deklaration von "ChestPosition" blendet vorherige lokale Deklaration aus
makfn.cpp(1092,12): message : Siehe Deklaration von "ChestPosition"
makfn.cpp(1194,51): warning C4244: "Argument": Konvertierung von "double" in "int", möglicher Datenverlust
makfn.cpp(1194,34): warning C4244: "Argument": Konvertierung von "double" in "int", möglicher Datenverlust
makfn.cpp(1215,25): warning C4456: Deklaration von "entityListCopy" blendet vorherige lokale Deklaration aus
makfn.cpp(1058,7): message : Siehe Deklaration von "entityListCopy"
makfn.cpp(1222,18): warning C4244: "Initialisierung": Konvertierung von "double" in "float", möglicher Datenverlust
makfn.cpp(1223,16): warning C4244: "Initialisierung": Konvertierung von "double" in "float", möglicher Datenverlust
makfn.cpp(1239,22): warning C4244: "Initialisierung": Konvertierung von "double" in "float", möglicher Datenverlust
makfn.cpp(1278,93): warning C4244: "Argument": Konvertierung von "double" in "float", möglicher Datenverlust
makfn.cpp(1278,85): warning C4244: "Argument": Konvertierung von "double" in "float", möglicher Datenverlust
makfn.cpp(1278,69): warning C4244: "Argument": Konvertierung von "double" in "float", möglicher Datenverlust
makfn.cpp(1278,58): warning C4244: "Argument": Konvertierung von "double" in "float", möglicher Datenverlust
makfn.cpp(1279,93): warning C4244: "Argument": Konvertierung von "double" in "float", möglicher Datenverlust
makfn.cpp(1279,85): warning C4244: "Argument": Konvertierung von "double" in "float", möglicher Datenverlust
makfn.cpp(1279,69): warning C4244: "Argument": Konvertierung von "double" in "float", möglicher Datenverlust
makfn.cpp(1279,58): warning C4244: "Argument": Konvertierung von "double" in "float", möglicher Datenverlust
makfn.cpp(1280,93): warning C4244: "Argument": Konvertierung von "double" in "float", möglicher Datenverlust
makfn.cpp(1280,85): warning C4244: "Argument": Konvertierung von "double" in "float", möglicher Datenverlust
makfn.cpp(1280,69): warning C4244: "Argument": Konvertierung von "double" in "float", möglicher Datenverlust
makfn.cpp(1280,58): warning C4244: "Argument": Konvertierung von "double" in "float", möglicher Datenverlust
makfn.cpp(1281,93): warning C4244: "Argument": Konvertierung von "double" in "float", möglicher Datenverlust
makfn.cpp(1281,85): warning C4244: "Argument": Konvertierung von "double" in "float", möglicher Datenverlust
makfn.cpp(1281,69): warning C4244: "Argument": Konvertierung von "double" in "float", möglicher Datenverlust
makfn.cpp(1281,58): warning C4244: "Argument": Konvertierung von "double" in "float", möglicher Datenverlust
makfn.cpp(1283,99): warning C4244: "Argument": Konvertierung von "double" in "float", möglicher Datenverlust
makfn.cpp(1283,88): warning C4244: "Argument": Konvertierung von "double" in "float", möglicher Datenverlust
makfn.cpp(1283,69): warning C4244: "Argument": Konvertierung von "double" in "float", möglicher Datenverlust
makfn.cpp(1283,58): warning C4244: "Argument": Konvertierung von "double" in "float", möglicher Datenverlust
makfn.cpp(1284,99): warning C4244: "Argument": Konvertierung von "double" in "float", möglicher Datenverlust
makfn.cpp(1284,88): warning C4244: "Argument": Konvertierung von "double" in "float", möglicher Datenverlust
makfn.cpp(1284,69): warning C4244: "Argument": Konvertierung von "double" in "float", möglicher Datenverlust
makfn.cpp(1284,58): warning C4244: "Argument": Konvertierung von "double" in "float", möglicher Datenverlust
makfn.cpp(1285,99): warning C4244: "Argument": Konvertierung von "double" in "float", möglicher Datenverlust
makfn.cpp(1285,88): warning C4244: "Argument": Konvertierung von "double" in "float", möglicher Datenverlust
makfn.cpp(1285,69): warning C4244: "Argument": Konvertierung von "double" in "float", möglicher Datenverlust
makfn.cpp(1285,58): warning C4244: "Argument": Konvertierung von "double" in "float", möglicher Datenverlust
makfn.cpp(1286,99): warning C4244: "Argument": Konvertierung von "double" in "float", möglicher Datenverlust
makfn.cpp(1286,88): warning C4244: "Argument": Konvertierung von "double" in "float", möglicher Datenverlust
makfn.cpp(1286,69): warning C4244: "Argument": Konvertierung von "double" in "float", möglicher Datenverlust
makfn.cpp(1286,58): warning C4244: "Argument": Konvertierung von "double" in "float", möglicher Datenverlust
makfn.cpp(1288,87): warning C4244: "Argument": Konvertierung von "double" in "float", möglicher Datenverlust
makfn.cpp(1288,79): warning C4244: "Argument": Konvertierung von "double" in "float", möglicher Datenverlust
makfn.cpp(1288,63): warning C4244: "Argument": Konvertierung von "double" in "float", möglicher Datenverlust
makfn.cpp(1288,55): warning C4244: "Argument": Konvertierung von "double" in "float", möglicher Datenverlust
makfn.cpp(1289,87): warning C4244: "Argument": Konvertierung von "double" in "float", möglicher Datenverlust
makfn.cpp(1289,79): warning C4244: "Argument": Konvertierung von "double" in "float", möglicher Datenverlust
makfn.cpp(1289,63): warning C4244: "Argument": Konvertierung von "double" in "float", möglicher Datenverlust
makfn.cpp(1289,55): warning C4244: "Argument": Konvertierung von "double" in "float", möglicher Datenverlust
makfn.cpp(1290,87): warning C4244: "Argument": Konvertierung von "double" in "float", möglicher Datenverlust
makfn.cpp(1290,79): warning C4244: "Argument": Konvertierung von "double" in "float", möglicher Datenverlust
makfn.cpp(1290,63): warning C4244: "Argument": Konvertierung von "double" in "float", möglicher Datenverlust
makfn.cpp(1290,55): warning C4244: "Argument": Konvertierung von "double" in "float", möglicher Datenverlust
makfn.cpp(1291,87): warning C4244: "Argument": Konvertierung von "double" in "float", möglicher Datenverlust
makfn.cpp(1291,79): warning C4244: "Argument": Konvertierung von "double" in "float", möglicher Datenverlust
makfn.cpp(1291,63): warning C4244: "Argument": Konvertierung von "double" in "float", möglicher Datenverlust
makfn.cpp(1291,55): warning C4244: "Argument": Konvertierung von "double" in "float", möglicher Datenverlust
makfn.cpp(1295,93): warning C4244: "Argument": Konvertierung von "double" in "float", möglicher Datenverlust
makfn.cpp(1295,85): warning C4244: "Argument": Konvertierung von "double" in "float", möglicher Datenverlust
makfn.cpp(1295,69): warning C4244: "Argument": Konvertierung von "double" in "float", möglicher Datenverlust
makfn.cpp(1295,58): warning C4244: "Argument": Konvertierung von "double" in "float", möglicher Datenverlust
makfn.cpp(1296,93): warning C4244: "Argument": Konvertierung von "double" in "float", möglicher Datenverlust
makfn.cpp(1296,85): warning C4244: "Argument": Konvertierung von "double" in "float", möglicher Datenverlust
makfn.cpp(1296,69): warning C4244: "Argument": Konvertierung von "double" in "float", möglicher Datenverlust
makfn.cpp(1296,58): warning C4244: "Argument": Konvertierung von "double" in "float", möglicher Datenverlust
makfn.cpp(1297,93): warning C4244: "Argument": Konvertierung von "double" in "float", möglicher Datenverlust
makfn.cpp(1297,85): warning C4244: "Argument": Konvertierung von "double" in "float", möglicher Datenverlust
makfn.cpp(1297,69): warning C4244: "Argument": Konvertierung von "double" in "float", möglicher Datenverlust
makfn.cpp(1297,58): warning C4244: "Argument": Konvertierung von "double" in "float", möglicher Datenverlust
makfn.cpp(1298,93): warning C4244: "Argument": Konvertierung von "double" in "float", möglicher Datenverlust
makfn.cpp(1298,85): warning C4244: "Argument": Konvertierung von "double" in "float", möglicher Datenverlust
makfn.cpp(1298,69): warning C4244: "Argument": Konvertierung von "double" in "float", möglicher Datenverlust
makfn.cpp(1298,58): warning C4244: "Argument": Konvertierung von "double" in "float", möglicher Datenverlust
makfn.cpp(1300,99): warning C4244: "Argument": Konvertierung von "double" in "float", möglicher Datenverlust
makfn.cpp(1300,88): warning C4244: "Argument": Konvertierung von "double" in "float", möglicher Datenverlust
makfn.cpp(1300,69): warning C4244: "Argument": Konvertierung von "double" in "float", möglicher Datenverlust
makfn.cpp(1300,58): warning C4244: "Argument": Konvertierung von "double" in "float", möglicher Datenverlust
makfn.cpp(1301,99): warning C4244: "Argument": Konvertierung von "double" in "float", möglicher Datenverlust
makfn.cpp(1301,88): warning C4244: "Argument": Konvertierung von "double" in "float", möglicher Datenverlust
makfn.cpp(1301,69): warning C4244: "Argument": Konvertierung von "double" in "float", möglicher Datenverlust
makfn.cpp(1301,58): warning C4244: "Argument": Konvertierung von "double" in "float", möglicher Datenverlust
makfn.cpp(1302,99): warning C4244: "Argument": Konvertierung von "double" in "float", möglicher Datenverlust
makfn.cpp(1302,88): warning C4244: "Argument": Konvertierung von "double" in "float", möglicher Datenverlust
makfn.cpp(1302,69): warning C4244: "Argument": Konvertierung von "double" in "float", möglicher Datenverlust
makfn.cpp(1302,58): warning C4244: "Argument": Konvertierung von "double" in "float", möglicher Datenverlust
makfn.cpp(1303,99): warning C4244: "Argument": Konvertierung von "double" in "float", möglicher Datenverlust
makfn.cpp(1303,88): warning C4244: "Argument": Konvertierung von "double" in "float", möglicher Datenverlust
makfn.cpp(1303,69): warning C4244: "Argument": Konvertierung von "double" in "float", möglicher Datenverlust
makfn.cpp(1303,58): warning C4244: "Argument": Konvertierung von "double" in "float", möglicher Datenverlust
makfn.cpp(1305,87): warning C4244: "Argument": Konvertierung von "double" in "float", möglicher Datenverlust
makfn.cpp(1305,79): warning C4244: "Argument": Konvertierung von "double" in "float", möglicher Datenverlust
makfn.cpp(1305,63): warning C4244: "Argument": Konvertierung von "double" in "float", möglicher Datenverlust
makfn.cpp(1305,55): warning C4244: "Argument": Konvertierung von "double" in "float", möglicher Datenverlust
makfn.cpp(1306,87): warning C4244: "Argument": Konvertierung von "double" in "float", möglicher Datenverlust
makfn.cpp(1306,79): warning C4244: "Argument": Konvertierung von "double" in "float", möglicher Datenverlust
makfn.cpp(1306,63): warning C4244: "Argument": Konvertierung von "double" in "float", möglicher Datenverlust
makfn.cpp(1306,55): warning C4244: "Argument": Konvertierung von "double" in "float", möglicher Datenverlust
makfn.cpp(1307,87): warning C4244: "Argument": Konvertierung von "double" in "float", möglicher Datenverlust
makfn.cpp(1307,79): warning C4244: "Argument": Konvertierung von "double" in "float", möglicher Datenverlust
makfn.cpp(1307,63): warning C4244: "Argument": Konvertierung von "double" in "float", möglicher Datenverlust
makfn.cpp(1307,55): warning C4244: "Argument": Konvertierung von "double" in "float", möglicher Datenverlust
makfn.cpp(1308,87): warning C4244: "Argument": Konvertierung von "double" in "float", möglicher Datenverlust
makfn.cpp(1308,79): warning C4244: "Argument": Konvertierung von "double" in "float", möglicher Datenverlust
makfn.cpp(1308,63): warning C4244: "Argument": Konvertierung von "double" in "float", möglicher Datenverlust
makfn.cpp(1308,55): warning C4244: "Argument": Konvertierung von "double" in "float", möglicher Datenverlust
makfn.cpp(1315,67): warning C4244: "Argument": Konvertierung von "double" in "float", möglicher Datenverlust
makfn.cpp(1315,53): warning C4244: "Argument": Konvertierung von "double" in "float", möglicher Datenverlust
makfn.cpp(1324,72): warning C4244: "Argument": Konvertierung von "double" in "float", möglicher Datenverlust
makfn.cpp(1324,58): warning C4244: "Argument": Konvertierung von "double" in "float", möglicher Datenverlust
makfn.cpp(1328,72): warning C4244: "Argument": Konvertierung von "double" in "float", möglicher Datenverlust
makfn.cpp(1328,58): warning C4244: "Argument": Konvertierung von "double" in "float", möglicher Datenverlust
makfn.cpp(1347,78): warning C4244: "Argument": Konvertierung von "int" in "float", möglicher Datenverlust
makfn.cpp(1347,73): warning C4244: "Argument": Konvertierung von "double" in "float", möglicher Datenverlust
makfn.cpp(1347,60): warning C4244: "Argument": Konvertierung von "double" in "float", möglicher Datenverlust
makfn.cpp(1355,40): warning C4244: "Argument": Konvertierung von "double" in "int", möglicher Datenverlust
makfn.cpp(1355,29): warning C4244: "Argument": Konvertierung von "double" in "int", möglicher Datenverlust
makfn.cpp(1357,40): warning C4244: "Argument": Konvertierung von "double" in "int", möglicher Datenverlust
makfn.cpp(1357,29): warning C4244: "Argument": Konvertierung von "double" in "int", möglicher Datenverlust
makfn.cpp(1362,40): warning C4244: "Argument": Konvertierung von "double" in "int", möglicher Datenverlust
makfn.cpp(1362,29): warning C4244: "Argument": Konvertierung von "double" in "int", möglicher Datenverlust
makfn.cpp(1364,40): warning C4244: "Argument": Konvertierung von "double" in "int", möglicher Datenverlust
makfn.cpp(1364,29): warning C4244: "Argument": Konvertierung von "double" in "int", möglicher Datenverlust
makfn.cpp(1370,75): warning C4244: "Argument": Konvertierung von "float" in "int", möglicher Datenverlust
makfn.cpp(1370,62): warning C4244: "Argument": Konvertierung von "float" in "int", möglicher Datenverlust
makfn.cpp(1370,58): warning C4244: "Argument": Konvertierung von "double" in "int", möglicher Datenverlust
makfn.cpp(1370,30): warning C4244: "Argument": Konvertierung von "double" in "int", möglicher Datenverlust
makfn.cpp(1378,119): warning C4244: "Argument": Konvertierung von "float" in "int", möglicher Datenverlust
makfn.cpp(1378,77): warning C4244: "Argument": Konvertierung von "float" in "int", möglicher Datenverlust
makfn.cpp(1378,64): warning C4244: "Argument": Konvertierung von "float" in "int", möglicher Datenverlust
makfn.cpp(1378,60): warning C4244: "Argument": Konvertierung von "double" in "int", möglicher Datenverlust
makfn.cpp(1378,32): warning C4244: "Argument": Konvertierung von "double" in "int", möglicher Datenverlust
makfn.cpp(1384,67): warning C4244: "Argument": Konvertierung von "double" in "float", möglicher Datenverlust
makfn.cpp(1384,53): warning C4244: "Argument": Konvertierung von "double" in "float", möglicher Datenverlust
makfn.cpp(1389,117): warning C4244: "Argument": Konvertierung von "float" in "int", möglicher Datenverlust
makfn.cpp(1389,77): warning C4244: "Argument": Konvertierung von "float" in "int", möglicher Datenverlust
makfn.cpp(1389,64): warning C4244: "Argument": Konvertierung von "float" in "int", möglicher Datenverlust
makfn.cpp(1389,60): warning C4244: "Argument": Konvertierung von "double" in "int", möglicher Datenverlust
makfn.cpp(1389,32): warning C4244: "Argument": Konvertierung von "double" in "int", möglicher Datenverlust
makfn.cpp(1395,67): warning C4244: "Argument": Konvertierung von "double" in "float", möglicher Datenverlust
makfn.cpp(1395,53): warning C4244: "Argument": Konvertierung von "double" in "float", möglicher Datenverlust
makfn.cpp(1404,83): warning C4244: "Argument": Konvertierung von "float" in "int", möglicher Datenverlust
makfn.cpp(1404,69): warning C4244: "Argument": Konvertierung von "float" in "int", möglicher Datenverlust
makfn.cpp(1404,56): warning C4244: "Argument": Konvertierung von "float" in "int", möglicher Datenverlust
makfn.cpp(1404,52): warning C4244: "Argument": Konvertierung von "double" in "int", möglicher Datenverlust
makfn.cpp(1404,24): warning C4244: "Argument": Konvertierung von "double" in "int", möglicher Datenverlust
makfn.cpp(1410,67): warning C4244: "Argument": Konvertierung von "double" in "float", möglicher Datenverlust
makfn.cpp(1410,53): warning C4244: "Argument": Konvertierung von "double" in "float", möglicher Datenverlust
makfn.cpp(1414,83): warning C4244: "Argument": Konvertierung von "float" in "int", möglicher Datenverlust
makfn.cpp(1414,69): warning C4244: "Argument": Konvertierung von "float" in "int", möglicher Datenverlust
makfn.cpp(1414,56): warning C4244: "Argument": Konvertierung von "float" in "int", möglicher Datenverlust
makfn.cpp(1414,52): warning C4244: "Argument": Konvertierung von "double" in "int", möglicher Datenverlust
makfn.cpp(1414,24): warning C4244: "Argument": Konvertierung von "double" in "int", möglicher Datenverlust
makfn.cpp(1420,67): warning C4244: "Argument": Konvertierung von "double" in "float", möglicher Datenverlust
makfn.cpp(1420,53): warning C4244: "Argument": Konvertierung von "double" in "float", möglicher Datenverlust
makfn.cpp(1433,82): warning C4244: "Argument": Konvertierung von "float" in "int", möglicher Datenverlust
makfn.cpp(1433,66): warning C4244: "Argument": Konvertierung von "double" in "int", möglicher Datenverlust
makfn.cpp(1433,50): warning C4244: "Argument": Konvertierung von "double" in "int", möglicher Datenverlust
makfn.cpp(1436,80): warning C4244: "Argument": Konvertierung von "float" in "int", möglicher Datenverlust
makfn.cpp(1436,66): warning C4244: "Argument": Konvertierung von "double" in "int", möglicher Datenverlust
makfn.cpp(1436,50): warning C4244: "Argument": Konvertierung von "double" in "int", möglicher Datenverlust
makfn.cpp(1475,82): warning C4244: "Argument": Konvertierung von "float" in "int", möglicher Datenverlust
makfn.cpp(1475,66): warning C4244: "Argument": Konvertierung von "double" in "int", möglicher Datenverlust
makfn.cpp(1475,54): warning C4244: "Argument": Konvertierung von "double" in "int", möglicher Datenverlust
makfn.cpp(1475,42): warning C4244: "Argument": Konvertierung von "double" in "int", möglicher Datenverlust
makfn.cpp(1475,26): warning C4244: "Argument": Konvertierung von "double" in "int", möglicher Datenverlust
makfn.cpp(1476,72): warning C4244: "Argument": Konvertierung von "float" in "int", möglicher Datenverlust
makfn.cpp(1476,56): warning C4244: "Argument": Konvertierung von "double" in "int", möglicher Datenverlust
makfn.cpp(1476,44): warning C4244: "Argument": Konvertierung von "double" in "int", möglicher Datenverlust
makfn.cpp(1476,32): warning C4244: "Argument": Konvertierung von "double" in "int", möglicher Datenverlust
makfn.cpp(1476,21): warning C4244: "Argument": Konvertierung von "double" in "int", möglicher Datenverlust
makfn.cpp(1477,90): warning C4244: "Argument": Konvertierung von "float" in "int", möglicher Datenverlust
makfn.cpp(1477,74): warning C4244: "Argument": Konvertierung von "double" in "int", möglicher Datenverlust
makfn.cpp(1477,62): warning C4244: "Argument": Konvertierung von "double" in "int", möglicher Datenverlust
makfn.cpp(1477,50): warning C4244: "Argument": Konvertierung von "double" in "int", möglicher Datenverlust
makfn.cpp(1477,30): warning C4244: "Argument": Konvertierung von "double" in "int", möglicher Datenverlust
makfn.cpp(1478,92): warning C4244: "Argument": Konvertierung von "float" in "int", möglicher Datenverlust
makfn.cpp(1478,76): warning C4244: "Argument": Konvertierung von "double" in "int", möglicher Datenverlust
makfn.cpp(1478,64): warning C4244: "Argument": Konvertierung von "double" in "int", möglicher Datenverlust
makfn.cpp(1478,52): warning C4244: "Argument": Konvertierung von "double" in "int", möglicher Datenverlust
makfn.cpp(1478,31): warning C4244: "Argument": Konvertierung von "double" in "int", möglicher Datenverlust
makfn.cpp(1479,98): warning C4244: "Argument": Konvertierung von "float" in "int", möglicher Datenverlust
makfn.cpp(1479,82): warning C4244: "Argument": Konvertierung von "double" in "int", möglicher Datenverlust
makfn.cpp(1479,62): warning C4244: "Argument": Konvertierung von "double" in "int", möglicher Datenverlust
makfn.cpp(1479,42): warning C4244: "Argument": Konvertierung von "double" in "int", möglicher Datenverlust
makfn.cpp(1479,26): warning C4244: "Argument": Konvertierung von "double" in "int", möglicher Datenverlust
makfn.cpp(1480,102): warning C4244: "Argument": Konvertierung von "float" in "int", möglicher Datenverlust
makfn.cpp(1480,86): warning C4244: "Argument": Konvertierung von "double" in "int", möglicher Datenverlust
makfn.cpp(1480,65): warning C4244: "Argument": Konvertierung von "double" in "int", möglicher Datenverlust
makfn.cpp(1480,44): warning C4244: "Argument": Konvertierung von "double" in "int", möglicher Datenverlust
makfn.cpp(1480,27): warning C4244: "Argument": Konvertierung von "double" in "int", möglicher Datenverlust
makfn.cpp(1481,92): warning C4244: "Argument": Konvertierung von "float" in "int", möglicher Datenverlust
makfn.cpp(1481,76): warning C4244: "Argument": Konvertierung von "double" in "int", möglicher Datenverlust
makfn.cpp(1481,59): warning C4244: "Argument": Konvertierung von "double" in "int", möglicher Datenverlust
makfn.cpp(1481,42): warning C4244: "Argument": Konvertierung von "double" in "int", möglicher Datenverlust
makfn.cpp(1481,26): warning C4244: "Argument": Konvertierung von "double" in "int", möglicher Datenverlust
makfn.cpp(1482,96): warning C4244: "Argument": Konvertierung von "float" in "int", möglicher Datenverlust
makfn.cpp(1482,80): warning C4244: "Argument": Konvertierung von "double" in "int", möglicher Datenverlust
makfn.cpp(1482,62): warning C4244: "Argument": Konvertierung von "double" in "int", möglicher Datenverlust
makfn.cpp(1482,44): warning C4244: "Argument": Konvertierung von "double" in "int", möglicher Datenverlust
makfn.cpp(1482,27): warning C4244: "Argument": Konvertierung von "double" in "int", möglicher Datenverlust
makfn.cpp(1483,82): warning C4244: "Argument": Konvertierung von "float" in "int", möglicher Datenverlust
makfn.cpp(1483,66): warning C4244: "Argument": Konvertierung von "double" in "int", möglicher Datenverlust
makfn.cpp(1483,55): warning C4244: "Argument": Konvertierung von "double" in "int", möglicher Datenverlust
makfn.cpp(1483,44): warning C4244: "Argument": Konvertierung von "double" in "int", möglicher Datenverlust
makfn.cpp(1483,27): warning C4244: "Argument": Konvertierung von "double" in "int", möglicher Datenverlust
makfn.cpp(1484,84): warning C4244: "Argument": Konvertierung von "float" in "int", möglicher Datenverlust
makfn.cpp(1484,68): warning C4244: "Argument": Konvertierung von "double" in "int", möglicher Datenverlust
makfn.cpp(1484,57): warning C4244: "Argument": Konvertierung von "double" in "int", möglicher Datenverlust
makfn.cpp(1484,46): warning C4244: "Argument": Konvertierung von "double" in "int", möglicher Datenverlust
makfn.cpp(1484,28): warning C4244: "Argument": Konvertierung von "double" in "int", möglicher Datenverlust
makfn.cpp(1485,92): warning C4244: "Argument": Konvertierung von "float" in "int", möglicher Datenverlust
makfn.cpp(1485,76): warning C4244: "Argument": Konvertierung von "double" in "int", möglicher Datenverlust
makfn.cpp(1485,59): warning C4244: "Argument": Konvertierung von "double" in "int", möglicher Datenverlust
makfn.cpp(1485,42): warning C4244: "Argument": Konvertierung von "double" in "int", möglicher Datenverlust
makfn.cpp(1485,26): warning C4244: "Argument": Konvertierung von "double" in "int", möglicher Datenverlust
makfn.cpp(1486,96): warning C4244: "Argument": Konvertierung von "float" in "int", möglicher Datenverlust
makfn.cpp(1486,80): warning C4244: "Argument": Konvertierung von "double" in "int", möglicher Datenverlust
makfn.cpp(1486,62): warning C4244: "Argument": Konvertierung von "double" in "int", möglicher Datenverlust
makfn.cpp(1486,44): warning C4244: "Argument": Konvertierung von "double" in "int", möglicher Datenverlust
makfn.cpp(1486,27): warning C4244: "Argument": Konvertierung von "double" in "int", möglicher Datenverlust
makfn.cpp(1487,90): warning C4244: "Argument": Konvertierung von "float" in "int", möglicher Datenverlust
makfn.cpp(1487,74): warning C4244: "Argument": Konvertierung von "double" in "int", möglicher Datenverlust
makfn.cpp(1487,58): warning C4244: "Argument": Konvertierung von "double" in "int", möglicher Datenverlust
makfn.cpp(1487,42): warning C4244: "Argument": Konvertierung von "double" in "int", möglicher Datenverlust
makfn.cpp(1487,26): warning C4244: "Argument": Konvertierung von "double" in "int", möglicher Datenverlust
makfn.cpp(1488,94): warning C4244: "Argument": Konvertierung von "float" in "int", möglicher Datenverlust
makfn.cpp(1488,78): warning C4244: "Argument": Konvertierung von "double" in "int", möglicher Datenverlust
makfn.cpp(1488,61): warning C4244: "Argument": Konvertierung von "double" in "int", möglicher Datenverlust
makfn.cpp(1488,44): warning C4244: "Argument": Konvertierung von "double" in "int", möglicher Datenverlust
makfn.cpp(1488,27): warning C4244: "Argument": Konvertierung von "double" in "int", möglicher Datenverlust
makfn.cpp(1492,19): warning C4459: Deklaration von "penis" blendet globale Deklaration aus
makfn.cpp(98,6): message : Siehe Deklaration von "penis"
makfn.cpp(1493,67): warning C4244: "Argument": Konvertierung von "float" in "int", möglicher Datenverlust
makfn.cpp(1493,51): warning C4244: "Argument": Konvertierung von "double" in "int", möglicher Datenverlust
makfn.cpp(1493,42): warning C4244: "Argument": Konvertierung von "double" in "int", möglicher Datenverlust
makfn.cpp(1493,33): warning C4244: "Argument": Konvertierung von "double" in "int", möglicher Datenverlust
makfn.cpp(1493,22): warning C4244: "Argument": Konvertierung von "double" in "int", möglicher Datenverlust
makfn.cpp(1499,71): warning C4244: "Argument": Konvertierung von "float" in "int", möglicher Datenverlust
makfn.cpp(1499,53): warning C4244: "Argument": Konvertierung von "double" in "int", möglicher Datenverlust
makfn.cpp(1499,45): warning C4244: "Argument": Konvertierung von "double" in "int", möglicher Datenverlust
makfn.cpp(1499,37): warning C4244: "Argument": Konvertierung von "double" in "int", möglicher Datenverlust
makfn.cpp(1499,24): warning C4244: "Argument": Konvertierung von "double" in "int", möglicher Datenverlust
makfn.cpp(1514,21): warning C4456: Deklaration von "ranged" blendet vorherige lokale Deklaration aus
makfn.cpp(1223,9): message : Siehe Deklaration von "ranged"
makfn.cpp(1514,19): warning C4244: "Initialisierung": Konvertierung von "double" in "float", möglicher Datenverlust
makfn.cpp(1518,33): warning C4244: "=": Konvertierung von "float" in "int", möglicher Datenverlust
makfn.cpp(1523,79): warning C4244: "Argument": Konvertierung von "int" in "float", möglicher Datenverlust
makfn.cpp(1523,74): warning C4244: "Argument": Konvertierung von "double" in "float", möglicher Datenverlust
makfn.cpp(1523,61): warning C4244: "Argument": Konvertierung von "double" in "float", möglicher Datenverlust
makfn.cpp(1546,93): warning C4244: "Argument": Konvertierung von "double" in "float", möglicher Datenverlust
makfn.cpp(1546,85): warning C4244: "Argument": Konvertierung von "double" in "float", möglicher Datenverlust
makfn.cpp(1546,69): warning C4244: "Argument": Konvertierung von "double" in "float", möglicher Datenverlust
makfn.cpp(1546,58): warning C4244: "Argument": Konvertierung von "double" in "float", möglicher Datenverlust
makfn.cpp(1547,93): warning C4244: "Argument": Konvertierung von "double" in "float", möglicher Datenverlust
makfn.cpp(1547,85): warning C4244: "Argument": Konvertierung von "double" in "float", möglicher Datenverlust
makfn.cpp(1547,69): warning C4244: "Argument": Konvertierung von "double" in "float", möglicher Datenverlust
makfn.cpp(1547,58): warning C4244: "Argument": Konvertierung von "double" in "float", möglicher Datenverlust
makfn.cpp(1548,93): warning C4244: "Argument": Konvertierung von "double" in "float", möglicher Datenverlust
makfn.cpp(1548,85): warning C4244: "Argument": Konvertierung von "double" in "float", möglicher Datenverlust
makfn.cpp(1548,69): warning C4244: "Argument": Konvertierung von "double" in "float", möglicher Datenverlust
makfn.cpp(1548,58): warning C4244: "Argument": Konvertierung von "double" in "float", möglicher Datenverlust
makfn.cpp(1549,93): warning C4244: "Argument": Konvertierung von "double" in "float", möglicher Datenverlust
makfn.cpp(1549,85): warning C4244: "Argument": Konvertierung von "double" in "float", möglicher Datenverlust
makfn.cpp(1549,69): warning C4244: "Argument": Konvertierung von "double" in "float", möglicher Datenverlust
makfn.cpp(1549,58): warning C4244: "Argument": Konvertierung von "double" in "float", möglicher Datenverlust
makfn.cpp(1551,99): warning C4244: "Argument": Konvertierung von "double" in "float", möglicher Datenverlust
makfn.cpp(1551,88): warning C4244: "Argument": Konvertierung von "double" in "float", möglicher Datenverlust
makfn.cpp(1551,69): warning C4244: "Argument": Konvertierung von "double" in "float", möglicher Datenverlust
makfn.cpp(1551,58): warning C4244: "Argument": Konvertierung von "double" in "float", möglicher Datenverlust
makfn.cpp(1552,99): warning C4244: "Argument": Konvertierung von "double" in "float", möglicher Datenverlust
makfn.cpp(1552,88): warning C4244: "Argument": Konvertierung von "double" in "float", möglicher Datenverlust
makfn.cpp(1552,69): warning C4244: "Argument": Konvertierung von "double" in "float", möglicher Datenverlust
makfn.cpp(1552,58): warning C4244: "Argument": Konvertierung von "double" in "float", möglicher Datenverlust
makfn.cpp(1553,99): warning C4244: "Argument": Konvertierung von "double" in "float", möglicher Datenverlust
makfn.cpp(1553,88): warning C4244: "Argument": Konvertierung von "double" in "float", möglicher Datenverlust
makfn.cpp(1553,69): warning C4244: "Argument": Konvertierung von "double" in "float", möglicher Datenverlust
makfn.cpp(1553,58): warning C4244: "Argument": Konvertierung von "double" in "float", möglicher Datenverlust
makfn.cpp(1554,99): warning C4244: "Argument": Konvertierung von "double" in "float", möglicher Datenverlust
makfn.cpp(1554,88): warning C4244: "Argument": Konvertierung von "double" in "float", möglicher Datenverlust
makfn.cpp(1554,69): warning C4244: "Argument": Konvertierung von "double" in "float", möglicher Datenverlust
makfn.cpp(1554,58): warning C4244: "Argument": Konvertierung von "double" in "float", möglicher Datenverlust
makfn.cpp(1556,87): warning C4244: "Argument": Konvertierung von "double" in "float", möglicher Datenverlust
makfn.cpp(1556,79): warning C4244: "Argument": Konvertierung von "double" in "float", möglicher Datenverlust
makfn.cpp(1556,63): warning C4244: "Argument": Konvertierung von "double" in "float", möglicher Datenverlust
makfn.cpp(1556,55): warning C4244: "Argument": Konvertierung von "double" in "float", möglicher Datenverlust
makfn.cpp(1557,87): warning C4244: "Argument": Konvertierung von "double" in "float", möglicher Datenverlust
makfn.cpp(1557,79): warning C4244: "Argument": Konvertierung von "double" in "float", möglicher Datenverlust
makfn.cpp(1557,63): warning C4244: "Argument": Konvertierung von "double" in "float", möglicher Datenverlust
makfn.cpp(1557,55): warning C4244: "Argument": Konvertierung von "double" in "float", möglicher Datenverlust
makfn.cpp(1558,87): warning C4244: "Argument": Konvertierung von "double" in "float", möglicher Datenverlust
makfn.cpp(1558,79): warning C4244: "Argument": Konvertierung von "double" in "float", möglicher Datenverlust
makfn.cpp(1558,63): warning C4244: "Argument": Konvertierung von "double" in "float", möglicher Datenverlust
makfn.cpp(1558,55): warning C4244: "Argument": Konvertierung von "double" in "float", möglicher Datenverlust
makfn.cpp(1559,87): warning C4244: "Argument": Konvertierung von "double" in "float", möglicher Datenverlust
makfn.cpp(1559,79): warning C4244: "Argument": Konvertierung von "double" in "float", möglicher Datenverlust
makfn.cpp(1559,63): warning C4244: "Argument": Konvertierung von "double" in "float", möglicher Datenverlust
makfn.cpp(1559,55): warning C4244: "Argument": Konvertierung von "double" in "float", möglicher Datenverlust
makfn.cpp(1565,68): warning C4244: "Argument": Konvertierung von "double" in "float", möglicher Datenverlust
makfn.cpp(1565,54): warning C4244: "Argument": Konvertierung von "double" in "float", möglicher Datenverlust
makfn.cpp(1574,72): warning C4244: "Argument": Konvertierung von "double" in "float", möglicher Datenverlust
makfn.cpp(1574,58): warning C4244: "Argument": Konvertierung von "double" in "float", möglicher Datenverlust
makfn.cpp(1581,40): warning C4244: "Argument": Konvertierung von "double" in "int", möglicher Datenverlust
makfn.cpp(1581,29): warning C4244: "Argument": Konvertierung von "double" in "int", möglicher Datenverlust
makfn.cpp(1583,40): warning C4244: "Argument": Konvertierung von "double" in "int", möglicher Datenverlust
makfn.cpp(1583,29): warning C4244: "Argument": Konvertierung von "double" in "int", möglicher Datenverlust
makfn.cpp(1588,76): warning C4244: "Argument": Konvertierung von "float" in "int", möglicher Datenverlust
makfn.cpp(1588,63): warning C4244: "Argument": Konvertierung von "float" in "int", möglicher Datenverlust
makfn.cpp(1588,59): warning C4244: "Argument": Konvertierung von "double" in "int", möglicher Datenverlust
makfn.cpp(1588,31): warning C4244: "Argument": Konvertierung von "double" in "int", möglicher Datenverlust
makfn.cpp(1593,119): warning C4244: "Argument": Konvertierung von "float" in "int", möglicher Datenverlust
makfn.cpp(1593,77): warning C4244: "Argument": Konvertierung von "float" in "int", möglicher Datenverlust
makfn.cpp(1593,64): warning C4244: "Argument": Konvertierung von "float" in "int", möglicher Datenverlust
makfn.cpp(1593,60): warning C4244: "Argument": Konvertierung von "double" in "int", möglicher Datenverlust
makfn.cpp(1593,32): warning C4244: "Argument": Konvertierung von "double" in "int", möglicher Datenverlust
makfn.cpp(1599,67): warning C4244: "Argument": Konvertierung von "double" in "float", möglicher Datenverlust
makfn.cpp(1599,53): warning C4244: "Argument": Konvertierung von "double" in "float", möglicher Datenverlust
makfn.cpp(1606,83): warning C4244: "Argument": Konvertierung von "float" in "int", möglicher Datenverlust
makfn.cpp(1606,69): warning C4244: "Argument": Konvertierung von "float" in "int", möglicher Datenverlust
makfn.cpp(1606,56): warning C4244: "Argument": Konvertierung von "float" in "int", möglicher Datenverlust
makfn.cpp(1606,52): warning C4244: "Argument": Konvertierung von "double" in "int", möglicher Datenverlust
makfn.cpp(1606,24): warning C4244: "Argument": Konvertierung von "double" in "int", möglicher Datenverlust
makfn.cpp(1613,67): warning C4244: "Argument": Konvertierung von "double" in "float", möglicher Datenverlust
makfn.cpp(1613,53): warning C4244: "Argument": Konvertierung von "double" in "float", möglicher Datenverlust
makfn.cpp(1622,83): warning C4244: "Argument": Konvertierung von "float" in "int", möglicher Datenverlust
makfn.cpp(1622,66): warning C4244: "Argument": Konvertierung von "double" in "int", möglicher Datenverlust
makfn.cpp(1622,50): warning C4244: "Argument": Konvertierung von "double" in "int", möglicher Datenverlust
makfn.cpp(1660,83): warning C4244: "Argument": Konvertierung von "float" in "int", möglicher Datenverlust
makfn.cpp(1660,67): warning C4244: "Argument": Konvertierung von "double" in "int", möglicher Datenverlust
makfn.cpp(1660,55): warning C4244: "Argument": Konvertierung von "double" in "int", möglicher Datenverlust
makfn.cpp(1660,43): warning C4244: "Argument": Konvertierung von "double" in "int", möglicher Datenverlust
makfn.cpp(1660,27): warning C4244: "Argument": Konvertierung von "double" in "int", möglicher Datenverlust
makfn.cpp(1661,73): warning C4244: "Argument": Konvertierung von "float" in "int", möglicher Datenverlust
makfn.cpp(1661,57): warning C4244: "Argument": Konvertierung von "double" in "int", möglicher Datenverlust
makfn.cpp(1661,45): warning C4244: "Argument": Konvertierung von "double" in "int", möglicher Datenverlust
makfn.cpp(1661,33): warning C4244: "Argument": Konvertierung von "double" in "int", möglicher Datenverlust
makfn.cpp(1661,22): warning C4244: "Argument": Konvertierung von "double" in "int", möglicher Datenverlust
makfn.cpp(1662,91): warning C4244: "Argument": Konvertierung von "float" in "int", möglicher Datenverlust
makfn.cpp(1662,75): warning C4244: "Argument": Konvertierung von "double" in "int", möglicher Datenverlust
makfn.cpp(1662,63): warning C4244: "Argument": Konvertierung von "double" in "int", möglicher Datenverlust
makfn.cpp(1662,51): warning C4244: "Argument": Konvertierung von "double" in "int", möglicher Datenverlust
makfn.cpp(1662,31): warning C4244: "Argument": Konvertierung von "double" in "int", möglicher Datenverlust
makfn.cpp(1663,93): warning C4244: "Argument": Konvertierung von "float" in "int", möglicher Datenverlust
makfn.cpp(1663,77): warning C4244: "Argument": Konvertierung von "double" in "int", möglicher Datenverlust
makfn.cpp(1663,65): warning C4244: "Argument": Konvertierung von "double" in "int", möglicher Datenverlust
makfn.cpp(1663,53): warning C4244: "Argument": Konvertierung von "double" in "int", möglicher Datenverlust
makfn.cpp(1663,32): warning C4244: "Argument": Konvertierung von "double" in "int", möglicher Datenverlust
makfn.cpp(1664,99): warning C4244: "Argument": Konvertierung von "float" in "int", möglicher Datenverlust
makfn.cpp(1664,83): warning C4244: "Argument": Konvertierung von "double" in "int", möglicher Datenverlust
makfn.cpp(1664,63): warning C4244: "Argument": Konvertierung von "double" in "int", möglicher Datenverlust
makfn.cpp(1664,43): warning C4244: "Argument": Konvertierung von "double" in "int", möglicher Datenverlust
makfn.cpp(1664,27): warning C4244: "Argument": Konvertierung von "double" in "int", möglicher Datenverlust
makfn.cpp(1665,103): warning C4244: "Argument": Konvertierung von "float" in "int", möglicher Datenverlust
makfn.cpp(1665,87): warning C4244: "Argument": Konvertierung von "double" in "int", möglicher Datenverlust
makfn.cpp(1665,66): warning C4244: "Argument": Konvertierung von "double" in "int", möglicher Datenverlust
makfn.cpp(1665,45): warning C4244: "Argument": Konvertierung von "double" in "int", möglicher Datenverlust
makfn.cpp(1665,28): warning C4244: "Argument": Konvertierung von "double" in "int", möglicher Datenverlust
makfn.cpp(1666,93): warning C4244: "Argument": Konvertierung von "float" in "int", möglicher Datenverlust
makfn.cpp(1666,77): warning C4244: "Argument": Konvertierung von "double" in "int", möglicher Datenverlust
makfn.cpp(1666,60): warning C4244: "Argument": Konvertierung von "double" in "int", möglicher Datenverlust
makfn.cpp(1666,43): warning C4244: "Argument": Konvertierung von "double" in "int", möglicher Datenverlust
makfn.cpp(1666,27): warning C4244: "Argument": Konvertierung von "double" in "int", möglicher Datenverlust
makfn.cpp(1667,97): warning C4244: "Argument": Konvertierung von "float" in "int", möglicher Datenverlust
makfn.cpp(1667,81): warning C4244: "Argument": Konvertierung von "double" in "int", möglicher Datenverlust
makfn.cpp(1667,63): warning C4244: "Argument": Konvertierung von "double" in "int", möglicher Datenverlust
makfn.cpp(1667,45): warning C4244: "Argument": Konvertierung von "double" in "int", möglicher Datenverlust
makfn.cpp(1667,28): warning C4244: "Argument": Konvertierung von "double" in "int", möglicher Datenverlust
makfn.cpp(1668,83): warning C4244: "Argument": Konvertierung von "float" in "int", möglicher Datenverlust
makfn.cpp(1668,67): warning C4244: "Argument": Konvertierung von "double" in "int", möglicher Datenverlust
makfn.cpp(1668,56): warning C4244: "Argument": Konvertierung von "double" in "int", möglicher Datenverlust
makfn.cpp(1668,45): warning C4244: "Argument": Konvertierung von "double" in "int", möglicher Datenverlust
makfn.cpp(1668,28): warning C4244: "Argument": Konvertierung von "double" in "int", möglicher Datenverlust
makfn.cpp(1669,85): warning C4244: "Argument": Konvertierung von "float" in "int", möglicher Datenverlust
makfn.cpp(1669,69): warning C4244: "Argument": Konvertierung von "double" in "int", möglicher Datenverlust
makfn.cpp(1669,58): warning C4244: "Argument": Konvertierung von "double" in "int", möglicher Datenverlust
makfn.cpp(1669,47): warning C4244: "Argument": Konvertierung von "double" in "int", möglicher Datenverlust
makfn.cpp(1669,29): warning C4244: "Argument": Konvertierung von "double" in "int", möglicher Datenverlust
makfn.cpp(1670,93): warning C4244: "Argument": Konvertierung von "float" in "int", möglicher Datenverlust
makfn.cpp(1670,77): warning C4244: "Argument": Konvertierung von "double" in "int", möglicher Datenverlust
makfn.cpp(1670,60): warning C4244: "Argument": Konvertierung von "double" in "int", möglicher Datenverlust
makfn.cpp(1670,43): warning C4244: "Argument": Konvertierung von "double" in "int", möglicher Datenverlust
makfn.cpp(1670,27): warning C4244: "Argument": Konvertierung von "double" in "int", möglicher Datenverlust
makfn.cpp(1671,97): warning C4244: "Argument": Konvertierung von "float" in "int", möglicher Datenverlust
makfn.cpp(1671,81): warning C4244: "Argument": Konvertierung von "double" in "int", möglicher Datenverlust
makfn.cpp(1671,63): warning C4244: "Argument": Konvertierung von "double" in "int", möglicher Datenverlust
makfn.cpp(1671,45): warning C4244: "Argument": Konvertierung von "double" in "int", möglicher Datenverlust
makfn.cpp(1671,28): warning C4244: "Argument": Konvertierung von "double" in "int", möglicher Datenverlust
makfn.cpp(1672,91): warning C4244: "Argument": Konvertierung von "float" in "int", möglicher Datenverlust
makfn.cpp(1672,75): warning C4244: "Argument": Konvertierung von "double" in "int", möglicher Datenverlust
makfn.cpp(1672,59): warning C4244: "Argument": Konvertierung von "double" in "int", möglicher Datenverlust
makfn.cpp(1672,43): warning C4244: "Argument": Konvertierung von "double" in "int", möglicher Datenverlust
makfn.cpp(1672,27): warning C4244: "Argument": Konvertierung von "double" in "int", möglicher Datenverlust
makfn.cpp(1673,95): warning C4244: "Argument": Konvertierung von "float" in "int", möglicher Datenverlust
makfn.cpp(1673,79): warning C4244: "Argument": Konvertierung von "double" in "int", möglicher Datenverlust
makfn.cpp(1673,62): warning C4244: "Argument": Konvertierung von "double" in "int", möglicher Datenverlust
makfn.cpp(1673,45): warning C4244: "Argument": Konvertierung von "double" in "int", möglicher Datenverlust
makfn.cpp(1673,28): warning C4244: "Argument": Konvertierung von "double" in "int", möglicher Datenverlust
makfn.cpp(1678,20): warning C4459: Deklaration von "penis" blendet globale Deklaration aus
makfn.cpp(98,6): message : Siehe Deklaration von "penis"
makfn.cpp(1679,68): warning C4244: "Argument": Konvertierung von "float" in "int", möglicher Datenverlust
makfn.cpp(1679,52): warning C4244: "Argument": Konvertierung von "double" in "int", möglicher Datenverlust
makfn.cpp(1679,43): warning C4244: "Argument": Konvertierung von "double" in "int", möglicher Datenverlust
makfn.cpp(1679,34): warning C4244: "Argument": Konvertierung von "double" in "int", möglicher Datenverlust
makfn.cpp(1679,23): warning C4244: "Argument": Konvertierung von "double" in "int", möglicher Datenverlust
makfn.cpp(1685,72): warning C4244: "Argument": Konvertierung von "float" in "int", möglicher Datenverlust
makfn.cpp(1685,54): warning C4244: "Argument": Konvertierung von "double" in "int", möglicher Datenverlust
makfn.cpp(1685,46): warning C4244: "Argument": Konvertierung von "double" in "int", möglicher Datenverlust
makfn.cpp(1685,38): warning C4244: "Argument": Konvertierung von "double" in "int", möglicher Datenverlust
makfn.cpp(1685,25): warning C4244: "Argument": Konvertierung von "double" in "int", möglicher Datenverlust
makfn.cpp(1728,66): warning C4244: "Argument": Konvertierung von "double" in "float", möglicher Datenverlust
makfn.cpp(1728,52): warning C4244: "Argument": Konvertierung von "double" in "float", möglicher Datenverlust
makfn.cpp(1740,19): warning C4456: Deklaration von "isDBNO" blendet vorherige lokale Deklaration aus
makfn.cpp(1242,8): message : Siehe Deklaration von "isDBNO"
makfn.cpp(1744,39): warning C4244: "Argument": Konvertierung von "double" in "float", möglicher Datenverlust
makfn.cpp(1744,24): warning C4244: "Argument": Konvertierung von "double" in "float", möglicher Datenverlust
makfn.cpp(1758,18): warning C4456: Deklaration von "isDBNO" blendet vorherige lokale Deklaration aus
makfn.cpp(1242,8): message : Siehe Deklaration von "isDBNO"
makfn.cpp(1777,18): warning C4456: Deklaration von "isDBNO" blendet vorherige lokale Deklaration aus
makfn.cpp(1242,8): message : Siehe Deklaration von "isDBNO"
makfn.cpp(1804,18): warning C4456: Deklaration von "isDBNO" blendet vorherige lokale Deklaration aus
makfn.cpp(1242,8): message : Siehe Deklaration von "isDBNO"
makfn.cpp(1813,41): warning C4244: "Argument": Konvertierung von "double" in "float", möglicher Datenverlust
makfn.cpp(1813,26): warning C4244: "Argument": Konvertierung von "double" in "float", möglicher Datenverlust
makfn.cpp(1814,35): warning C4244: "Argument": Konvertierung von "double" in "int", möglicher Datenverlust
makfn.cpp(1814,25): warning C4244: "Argument": Konvertierung von "double" in "int", möglicher Datenverlust
makfn.cpp(1832,18): warning C4456: Deklaration von "isDBNO" blendet vorherige lokale Deklaration aus
makfn.cpp(1242,8): message : Siehe Deklaration von "isDBNO"
makfn.cpp(1834,22): warning C4456: Deklaration von "Headpos" blendet vorherige lokale Deklaration aus
makfn.cpp(1219,11): message : Siehe Deklaration von "Headpos"
makfn.cpp(1839,32): warning C4244: "Argument": Konvertierung von "double" in "float", möglicher Datenverlust
makfn.cpp(1839,21): warning C4244: "Argument": Konvertierung von "double" in "float", möglicher Datenverlust
makfn.cpp(1863,47): warning C4305: "Argument": Verkürzung von "double" in "T"
          with
          [
              T=float
          ]
makfn.cpp(1864,47): warning C4305: "Argument": Verkürzung von "double" in "T"
          with
          [
              T=float
          ]
makfn.cpp(1877,47): warning C4244: "Argument": Konvertierung von "double" in "T", möglicher Datenverlust
          with
          [
              T=float
          ]
makfn.cpp(1932,36): warning C4456: Deklaration von "PlayerCameraManager" blendet vorherige lokale Deklaration aus
makfn.cpp(1068,12): message : Siehe Deklaration von "PlayerCameraManager"
makfn.cpp(1970,30): warning C4244: "Argument": Konvertierung von "double" in "float", möglicher Datenverlust
makfn.cpp(2000,33): warning C4244: "Argument": Konvertierung von "double" in "float", möglicher Datenverlust
makfn.cpp(2000,22): warning C4244: "Argument": Konvertierung von "double" in "float", möglicher Datenverlust
makfn.cpp(2001,35): warning C4244: "Argument": Konvertierung von "double" in "int", möglicher Datenverlust
makfn.cpp(2001,25): warning C4244: "Argument": Konvertierung von "double" in "int", möglicher Datenverlust
makfn.cpp(2009,8): warning C4244: "Argument": Konvertierung von "double" in "DWORD", möglicher Datenverlust
makfn.cpp(1072,8): warning C4189: "ActorCount": Lokale Variable ist initialisiert aber nicht referenziert
makfn.cpp(1073,12): warning C4189: "AActors": Lokale Variable ist initialisiert aber nicht referenziert
makfn.cpp(1160,18): warning C4101: "RGBAColor": Unreferenzierte lokale Variable
makfn.cpp(1236,9): warning C4189: "LeftX": Lokale Variable ist initialisiert aber nicht referenziert
makfn.cpp(1237,9): warning C4189: "LeftY": Lokale Variable ist initialisiert aber nicht referenziert
makfn.cpp(1243,8): warning C4189: "isDying": Lokale Variable ist initialisiert aber nicht referenziert
makfn.cpp(1223,9): warning C4189: "ranged": Lokale Variable ist initialisiert aber nicht referenziert
makfn.cpp(1513,11): warning C4189: "TooClose": Lokale Variable ist initialisiert aber nicht referenziert
makfn.cpp(1755,13): warning C4189: "CurrentHitboneMesh": Lokale Variable ist initialisiert aber nicht referenziert
makfn.cpp(1776,13): warning C4189: "currentaimbotmesh": Lokale Variable ist initialisiert aber nicht referenziert
makfn.cpp(2115,69): warning C4244: "Argument": Konvertierung von "float" in "int", möglicher Datenverlust
makfn.cpp(2115,63): warning C4244: "Argument": Konvertierung von "float" in "int", möglicher Datenverlust
makfn.cpp(2118,77): warning C4244: "Argument": Konvertierung von "float" in "int", möglicher Datenverlust
makfn.cpp(2118,71): warning C4244: "Argument": Konvertierung von "float" in "int", möglicher Datenverlust
makfn.cpp(2197,68): warning C4244: "Argument": Konvertierung von "float" in "int", möglicher Datenverlust
makfn.cpp(2197,63): warning C4244: "Argument": Konvertierung von "float" in "int", möglicher Datenverlust
makfn.cpp(2298,55): warning C4244: "Argument": Konvertierung von "float" in "int", möglicher Datenverlust
makfn.cpp(2298,49): warning C4244: "Argument": Konvertierung von "float" in "int", möglicher Datenverlust
makfn.cpp(2311,49): warning C4244: "Argument": Konvertierung von "float" in "int", möglicher Datenverlust
makfn.cpp(2311,43): warning C4244: "Argument": Konvertierung von "float" in "int", möglicher Datenverlust
makfn.cpp(2360,53): warning C4244: "Argument": Konvertierung von "float" in "int", möglicher Datenverlust
makfn.cpp(2360,48): warning C4244: "Argument": Konvertierung von "float" in "int", möglicher Datenverlust
makfn.cpp(2385,60): warning C4244: "Argument": Konvertierung von "float" in "int", möglicher Datenverlust
makfn.cpp(2385,54): warning C4244: "Argument": Konvertierung von "float" in "int", möglicher Datenverlust
makfn.cpp(2042,15): warning C4189: "style": Lokale Variable ist initialisiert aber nicht referenziert
makfn.cpp(2506,23): warning C4244: "=": Konvertierung von "LONG" in "float", möglicher Datenverlust
makfn.cpp(2507,23): warning C4244: "=": Konvertierung von "LONG" in "float", möglicher Datenverlust
makfn.cpp(2539,42): warning C4459: Deklaration von "Message" blendet globale Deklaration aus
makfn.cpp(2465,5): message : Siehe Deklaration von "Message"
makfn.cpp(2646,32): warning C4100: "argv": Unreferenzierter formaler Parameter
makfn.cpp(2646,14): warning C4100: "argc": Unreferenzierter formaler Parameter
C:\Users\Momo\Desktop\makfnUWU_1\mak\Fn\xor.hpp(224,33): warning C4244: "=": Konvertierung von "int" in "char", möglicher Datenverlust
C:\Users\Momo\Desktop\makfnUWU_1\mak\Fn\xor.hpp(222): message : beim Kompilieren der Klasse Vorlage-Memberfunktion "char *CXorString<IndexList<0,1,2,3,4,5,6,7,8,9,10,11,12,13,14,15,16,17,18,19,20,21,22,23,24,25,26,27,28>>::decrypt(void)"
makfn.cpp(2643): message : Siehe Verweis auf die gerade kompilierte Instanziierung "char *CXorString<IndexList<0,1,2,3,4,5,6,7,8,9,10,11,12,13,14,15,16,17,18,19,20,21,22,23,24,25,26,27,28>>::decrypt(void)" der Funktions-Vorlage.
makfn.cpp(2642): message : Siehe Verweis auf die gerade kompilierte Klasse Vorlage-Instanziierung "CXorString<IndexList<0,1,2,3,4,5,6,7,8,9,10,11,12,13,14,15,16,17,18,19,20,21,22,23,24,25,26,27,28>>".
  Code wird generiert.
  Previous IPDB was built with incompatible compiler, fall back to full compilation.
C:\Users\Momo\Desktop\makfnUWU_1\mak\Fn\godfather.h(15): warning C4706: Zuweisung in bedingtem Ausdruck
C:\Users\Momo\Desktop\makfnUWU_1\mak\Fn\makfn.cpp(1834): warning C4700: Die nicht initialisierte lokale Variable "Headpos" wurde verwendet.
C:\Users\Momo\Desktop\makfnUWU_1\mak\Fn\makfn.cpp(1347): warning C4701: Die möglicherweise nicht initialisierte lokale Variable "FovVisCheck" wurde verwendet.
C:\Users\Momo\Desktop\makfnUWU_1\mak\Fn\makfn.cpp(1523): warning C4701: Die möglicherweise nicht initialisierte lokale Variable "FovVisCheck" wurde verwendet.
  All 1531 functions were compiled because no usable IPDB/IOBJ from previous compilation was found.
  Codegenerierung ist abgeschlossen.
  wda_monitor.vcxproj -> C:\Users\Momo\Desktop\makfnUWU_1\mak\x64\Release\Nigga.exe
